INFO: - -[Mon Aug 29 13:51:05 CST 2016]  服务器在0.0.0.0/0.0.0.0:8080开启
INFO: - -[Mon Aug 29 13:51:13 CST 2016]  Get /index.html HTTP/1.1
INFO: - -[Mon Aug 29 13:51:13 CST 2016]  Get /css/mycss.css HTTP/1.1
INFO: - -[Mon Aug 29 13:51:13 CST 2016]  Get /image/1.jpg HTTP/1.1
INFO: - -[Mon Aug 29 13:51:20 CST 2016]  Post /myindex.html HTTP/1.1
INFO: - -[Mon Aug 29 13:51:30 CST 2016]  Get /servlet/PrimitiveServlet HTTP/1.1
INFO: - -[Mon Aug 29 14:33:41 CST 2016]  服务器在0.0.0.0/0.0.0.0:8080开启
INFO: - -[Mon Aug 29 14:33:57 CST 2016]  Get /servlet/PrimitiveServlet HTTP/1.1
INFO: - -[Mon Aug 29 14:34:08 CST 2016]  Get /index.html HTTP/1.1
INFO: - -[Mon Aug 29 14:34:08 CST 2016]  Get /css/mycss.css HTTP/1.1
INFO: - -[Mon Aug 29 14:34:08 CST 2016]  Get /image/1.jpg HTTP/1.1
INFO: - -[Mon Aug 29 14:34:15 CST 2016]  Post /myindex.html HTTP/1.1
INFO: - -[Mon Aug 29 15:03:10 CST 2016]  服务器在0.0.0.0/0.0.0.0:8080开启
INFO: - -[Mon Aug 29 15:03:22 CST 2016]  Get /index.html HTTP/1.1
INFO: - -[Mon Aug 29 15:04:25 CST 2016]  服务器在0.0.0.0/0.0.0.0:8080开启
INFO: - -[Mon Aug 29 15:04:30 CST 2016]  Get /index.html HTTP/1.1
INFO: - -[Mon Aug 29 15:04:30 CST 2016]  Get /css/mycss.css HTTP/1.1
INFO: - -[Mon Aug 29 15:04:30 CST 2016]  Get /image/1.jpg HTTP/1.1
INFO: - -[Mon Aug 29 15:04:36 CST 2016]  Post /myindex.html HTTP/1.1
INFO: - -[Mon Aug 29 15:04:54 CST 2016]  Get /servlet/PrimitiveServlet HTTP/1.1
INFO: - -[Mon Aug 29 15:09:25 CST 2016]  服务器在0.0.0.0/0.0.0.0:8080开启
INFO: - -[Mon Aug 29 15:09:29 CST 2016]  Get /servlet/PrimitiveServlet HTTP/1.1
INFO: - -[Mon Aug 29 15:11:12 CST 2016]  服务器在0.0.0.0/0.0.0.0:8080开启
INFO: - -[Mon Aug 29 15:11:17 CST 2016]  Get /servlet/PrimitiveServlet HTTP/1.1
INFO: - -[Mon Aug 29 15:11:27 CST 2016]  Get /servlet/index.html HTTP/1.1
INFO: - -[Mon Aug 29 15:12:32 CST 2016]  服务器在0.0.0.0/0.0.0.0:8080开启
INFO: - -[Mon Aug 29 15:12:36 CST 2016]  Get /servlet/PrimitiveServlet HTTP/1.1
INFO: - -[Mon Aug 29 15:12:49 CST 2016]  Get /servlet/PrimitiveServlet HTTP/1.1
INFO: - -[Mon Aug 29 15:13:40 CST 2016]  Get /index.html HTTP/1.1
INFO: - -[Mon Aug 29 15:13:41 CST 2016]  Get /css/mycss.css HTTP/1.1
INFO: - -[Mon Aug 29 15:13:41 CST 2016]  Get /image/1.jpg HTTP/1.1
INFO: - -[Mon Aug 29 15:13:53 CST 2016]  Post /myindex.html HTTP/1.1
INFO: - -[Mon Aug 29 15:37:44 CST 2016]  服务器在0.0.0.0/0.0.0.0:8080开启
INFO: - -[Mon Aug 29 15:37:53 CST 2016]  Get /index.html HTTP/1.1
INFO: - -[Mon Aug 29 15:37:53 CST 2016]  Get /css/mycss.css HTTP/1.1
INFO: - -[Mon Aug 29 15:37:53 CST 2016]  Get /image/1.jpg HTTP/1.1
INFO: - -[Mon Aug 29 15:37:58 CST 2016]  Post /myindex.html HTTP/1.1
INFO: - -[Mon Aug 29 15:38:12 CST 2016]  Get /servlet/PrimitiveServlet HTTP/1.1
INFO: - -[Mon Aug 29 15:41:09 CST 2016]  服务器在0.0.0.0/0.0.0.0:8080开启
INFO: - -[Mon Aug 29 15:41:19 CST 2016]  Get /servlet/PrimitiveServlet HTTP/1.1
INFO: - -[Mon Aug 29 15:42:52 CST 2016]  服务器在0.0.0.0/0.0.0.0:8080开启
INFO: - -[Mon Aug 29 15:42:56 CST 2016]  Get /servlet/PrimitiveServlet HTTP/1.1
INFO: - -[Mon Aug 29 15:46:29 CST 2016]  服务器在0.0.0.0/0.0.0.0:8080开启
INFO: - -[Mon Aug 29 15:46:33 CST 2016]  Get /servlet/PrimitiveServlet HTTP/1.1
INFO: - -[Mon Aug 29 15:47:14 CST 2016]  服务器在0.0.0.0/0.0.0.0:8080开启
INFO: - -[Mon Aug 29 15:47:18 CST 2016]  Get /servlet/PrimitiveServlet HTTP/1.1
INFO: - -[Mon Aug 29 15:47:53 CST 2016]  服务器在0.0.0.0/0.0.0.0:8080开启
INFO: - -[Mon Aug 29 15:47:56 CST 2016]  Get /servlet/PrimitiveServlet HTTP/1.1
INFO: - -[Mon Aug 29 15:48:02 CST 2016]  Get /index.html HTTP/1.1
INFO: - -[Mon Aug 29 15:48:03 CST 2016]  Get /css/mycss.css HTTP/1.1
INFO: - -[Mon Aug 29 15:48:03 CST 2016]  Get /image/1.jpg HTTP/1.1
INFO: - -[Mon Aug 29 15:48:07 CST 2016]  Post /myindex.html HTTP/1.1
INFO: - -[Mon Aug 29 15:55:54 CST 2016]  服务器在0.0.0.0/0.0.0.0:8080开启
INFO: - -[Mon Aug 29 15:56:00 CST 2016]  Post /myindex.html HTTP/1.1
INFO: - -[Mon Aug 29 15:57:21 CST 2016]  Post /myindex.html HTTP/1.1
INFO: - -[2016/08/31 09:17:07]  服务器在0.0.0.0/0.0.0.0:8080开启
INFO: - -[2016/08/31 09:17:27]  Get /index.html HTTP/1.1
INFO: - -[2016/08/31 09:17:28]  Get /css/mycss.css HTTP/1.1
INFO: - -[2016/08/31 09:17:28]  Get /image/1.jpg HTTP/1.1
INFO: - -[2016/08/31 09:17:29]  Get /favicon.ico HTTP/1.1
INFO: - -[2016/08/31 09:18:41]  Get /index.html HTTP/1.1
INFO: - -[2016/08/31 09:18:41]  Get /css/mycss.css HTTP/1.1
INFO: - -[2016/08/31 09:18:42]  Get /image/1.jpg HTTP/1.1
INFO: - -[2016/08/31 09:19:08]  服务器在0.0.0.0/0.0.0.0:8080开启
INFO: - -[2016/08/31 09:19:12]  Get /index.html HTTP/1.1
INFO: - -[2016/08/31 09:19:12]  Get /css/mycss.css HTTP/1.1
INFO: - -[2016/08/31 09:19:13]  Get /image/1.jpg HTTP/1.1
INFO: - -[2016/08/31 09:19:24]  Get /index.html HTTP/1.1
INFO: - -[2016/08/31 09:19:24]  Get /css/mycss.css HTTP/1.1
INFO: - -[2016/08/31 09:19:29]  Get /image/1.jpg HTTP/1.1
INFO: - -[2016/08/31 09:19:30]  Get /index.html HTTP/1.1
INFO: - -[2016/08/31 09:19:30]  Get /css/mycss.css HTTP/1.1
INFO: - -[2016/08/31 09:19:32]  Get /image/1.jpg HTTP/1.1
INFO: - -[2016/08/31 04:57:45]  服务器在0.0.0.0/0.0.0.0:8080开启
INFO: - -[2016/08/31 04:57:56]  Get /index.html HTTP/1.1
INFO: - -[2016/08/31 04:57:56]  Get /css/mycss.css HTTP/1.1
INFO: - -[2016/08/31 04:57:56]  Get /image/1.jpg HTTP/1.1
INFO: - -[2016/08/31 04:57:56]  Get /index.html HTTP/1.1
INFO: - -[2016/08/31 04:57:56]  Get /css/mycss.css HTTP/1.1
INFO: - -[2016/08/31 04:57:56]  Get /image/1.jpg HTTP/1.1
INFO: - -[2016/08/31 04:57:56]  Get /index.html HTTP/1.1
INFO: - -[2016/08/31 04:57:56]  Get /css/mycss.css HTTP/1.1
INFO: - -[2016/08/31 04:57:56]  Get /image/1.jpg HTTP/1.1
INFO: - -[2016/08/31 04:57:56]  Get /index.html HTTP/1.1
INFO: - -[2016/08/31 04:57:56]  Get /css/mycss.css HTTP/1.1
INFO: - -[2016/08/31 04:57:56]  Get /image/1.jpg HTTP/1.1
INFO: - -[2016/08/31 04:57:56]  Get /index.html HTTP/1.1
INFO: - -[2016/08/31 04:57:56]  Get /css/mycss.css HTTP/1.1
INFO: - -[2016/08/31 04:57:56]  Get /image/1.jpg HTTP/1.1
INFO: - -[2016/08/31 04:57:56]  Get /index.html HTTP/1.1
INFO: - -[2016/08/31 04:57:56]  Get /css/mycss.css HTTP/1.1
INFO: - -[2016/08/31 04:57:56]  Get /image/1.jpg HTTP/1.1
INFO: - -[2016/08/31 04:57:56]  Get /index.html HTTP/1.1
INFO: - -[2016/08/31 04:57:56]  Get /css/mycss.css HTTP/1.1
INFO: - -[2016/08/31 04:57:56]  Get /image/1.jpg HTTP/1.1
INFO: - -[2016/08/31 04:57:56]  Get /index.html HTTP/1.1
INFO: - -[2016/08/31 04:57:56]  Get /css/mycss.css HTTP/1.1
INFO: - -[2016/08/31 04:57:56]  Get /image/1.jpg HTTP/1.1
INFO: - -[2016/08/31 04:57:57]  Get /index.html HTTP/1.1
INFO: - -[2016/08/31 04:57:57]  Get /css/mycss.css HTTP/1.1
INFO: - -[2016/08/31 04:57:57]  Get /index.html HTTP/1.1
INFO: - -[2016/08/31 04:57:57]  Get /css/mycss.css HTTP/1.1
INFO: - -[2016/08/31 04:57:57]  Get /image/1.jpg HTTP/1.1
INFO: - -[2016/08/31 04:57:57]  Get /image/1.jpg HTTP/1.1
INFO: - -[2016/08/31 04:57:57]  Get /index.html HTTP/1.1
INFO: - -[2016/08/31 04:57:57]  Get /css/mycss.css HTTP/1.1
INFO: - -[2016/08/31 04:57:57]  Get /index.html HTTP/1.1
INFO: - -[2016/08/31 04:57:57]  Get /image/1.jpg HTTP/1.1
INFO: - -[2016/08/31 04:57:57]  Get /css/mycss.css HTTP/1.1
INFO: - -[2016/08/31 04:57:57]  Get /image/1.jpg HTTP/1.1
INFO: - -[2016/08/31 04:57:57]  Get /index.html HTTP/1.1
INFO: - -[2016/08/31 04:57:57]  Get /css/mycss.css HTTP/1.1
INFO: - -[2016/08/31 04:57:57]  Get /image/1.jpg HTTP/1.1
INFO: - -[2016/08/31 04:57:57]  Get /index.html HTTP/1.1
INFO: - -[2016/08/31 04:57:57]  Get /css/mycss.css HTTP/1.1
INFO: - -[2016/08/31 04:57:57]  Get /image/1.jpg HTTP/1.1
INFO: - -[2016/08/31 04:57:57]  Get /index.html HTTP/1.1
INFO: - -[2016/08/31 04:57:57]  Get /css/mycss.css HTTP/1.1
INFO: - -[2016/08/31 04:57:57]  Get /image/1.jpg HTTP/1.1
INFO: - -[2016/08/31 04:57:57]  Get /index.html HTTP/1.1
INFO: - -[2016/08/31 04:57:57]  Get /css/mycss.css HTTP/1.1
INFO: - -[2016/08/31 04:57:57]  Get /image/1.jpg HTTP/1.1
INFO: - -[2016/08/31 04:57:57]  Get /index.html HTTP/1.1
INFO: - -[2016/08/31 04:57:57]  Get /css/mycss.css HTTP/1.1
INFO: - -[2016/08/31 04:57:57]  Get /image/1.jpg HTTP/1.1
INFO: - -[2016/08/31 04:57:57]  Get /index.html HTTP/1.1
INFO: - -[2016/08/31 04:57:57]  Get /css/mycss.css HTTP/1.1
INFO: - -[2016/08/31 04:57:57]  Get /image/1.jpg HTTP/1.1
INFO: - -[2016/08/31 04:57:57]  Get /index.html HTTP/1.1
INFO: - -[2016/08/31 04:57:57]  Get /css/mycss.css HTTP/1.1
INFO: - -[2016/08/31 04:57:57]  Get /image/1.jpg HTTP/1.1
INFO: - -[2016/08/31 04:57:57]  Get /index.html HTTP/1.1
INFO: - -[2016/08/31 04:57:57]  Get /css/mycss.css HTTP/1.1
INFO: - -[2016/08/31 04:57:57]  Get /image/1.jpg HTTP/1.1
INFO: - -[2016/08/31 04:57:58]  Get /index.html HTTP/1.1
INFO: - -[2016/08/31 04:57:58]  Get /css/mycss.css HTTP/1.1
INFO: - -[2016/08/31 04:57:58]  Get /image/1.jpg HTTP/1.1
INFO: - -[2016/08/31 04:57:58]  Get /index.html HTTP/1.1
INFO: - -[2016/08/31 04:57:58]  Get /css/mycss.css HTTP/1.1
INFO: - -[2016/08/31 04:57:58]  Get /image/1.jpg HTTP/1.1
INFO: - -[2016/08/31 04:57:58]  Get /index.html HTTP/1.1
INFO: - -[2016/08/31 04:57:58]  Get /css/mycss.css HTTP/1.1
INFO: - -[2016/08/31 04:57:58]  Get /image/1.jpg HTTP/1.1
INFO: - -[2016/08/31 04:57:58]  Get /index.html HTTP/1.1
INFO: - -[2016/08/31 04:57:58]  Get /css/mycss.css HTTP/1.1
INFO: - -[2016/08/31 04:57:58]  Get /image/1.jpg HTTP/1.1
INFO: - -[2016/08/31 04:57:58]  Get /index.html HTTP/1.1
INFO: - -[2016/08/31 04:57:58]  Get /css/mycss.css HTTP/1.1
INFO: - -[2016/08/31 04:57:58]  Get /image/1.jpg HTTP/1.1
INFO: - -[2016/08/31 04:57:58]  Get /index.html HTTP/1.1
INFO: - -[2016/08/31 04:57:58]  Get /css/mycss.css HTTP/1.1
INFO: - -[2016/08/31 04:57:58]  Get /image/1.jpg HTTP/1.1
INFO: - -[2016/08/31 04:57:58]  Get /index.html HTTP/1.1
INFO: - -[2016/08/31 04:57:58]  Get /css/mycss.css HTTP/1.1
INFO: - -[2016/08/31 04:57:58]  Get /image/1.jpg HTTP/1.1
INFO: - -[2016/08/31 04:57:58]  Get /index.html HTTP/1.1
INFO: - -[2016/08/31 04:57:58]  Get /css/mycss.css HTTP/1.1
INFO: - -[2016/08/31 04:57:58]  Get /image/1.jpg HTTP/1.1
INFO: - -[2016/08/31 04:57:59]  Get /index.html HTTP/1.1
INFO: - -[2016/08/31 04:57:59]  Get /css/mycss.css HTTP/1.1
INFO: - -[2016/08/31 04:57:59]  Get /index.html HTTP/1.1
INFO: - -[2016/08/31 04:57:59]  Get /image/1.jpg HTTP/1.1
INFO: - -[2016/08/31 04:57:59]  Get /css/mycss.css HTTP/1.1
INFO: - -[2016/08/31 04:57:59]  Get /image/1.jpg HTTP/1.1
INFO: - -[2016/08/31 04:57:59]  Get /index.html HTTP/1.1
INFO: - -[2016/08/31 04:57:59]  Get /css/mycss.css HTTP/1.1
INFO: - -[2016/08/31 04:57:59]  Get /index.html HTTP/1.1
INFO: - -[2016/08/31 04:57:59]  Get /image/1.jpg HTTP/1.1
INFO: - -[2016/08/31 04:57:59]  Get /css/mycss.css HTTP/1.1
INFO: - -[2016/08/31 04:57:59]  Get /index.html HTTP/1.1
INFO: - -[2016/08/31 04:57:59]  Get /image/1.jpg HTTP/1.1
INFO: - -[2016/08/31 04:57:59]  Get /css/mycss.css HTTP/1.1
INFO: - -[2016/08/31 04:57:59]  Get /image/1.jpg HTTP/1.1
INFO: - -[2016/08/31 04:57:59]  Get /index.html HTTP/1.1
INFO: - -[2016/08/31 04:57:59]  Get /css/mycss.css HTTP/1.1
INFO: - -[2016/08/31 04:57:59]  Get /image/1.jpg HTTP/1.1
INFO: - -[2016/08/31 04:57:59]  Get /index.html HTTP/1.1
INFO: - -[2016/08/31 04:57:59]  Get /css/mycss.css HTTP/1.1
INFO: - -[2016/08/31 04:57:59]  Get /image/1.jpg HTTP/1.1
INFO: - -[2016/08/31 04:58:00]  Get /index.html HTTP/1.1
INFO: - -[2016/08/31 04:58:00]  Get /index.html HTTP/1.1
INFO: - -[2016/08/31 04:58:00]  Get /css/mycss.css HTTP/1.1
INFO: - -[2016/08/31 04:58:00]  Get /css/mycss.css HTTP/1.1
INFO: - -[2016/08/31 04:58:00]  Get /image/1.jpg HTTP/1.1
INFO: - -[2016/08/31 04:58:00]  Get /image/1.jpg HTTP/1.1
INFO: - -[2016/08/31 04:58:00]  Get /index.html HTTP/1.1
INFO: - -[2016/08/31 04:58:00]  Get /index.html HTTP/1.1
INFO: - -[2016/08/31 04:58:00]  Get /css/mycss.css HTTP/1.1
INFO: - -[2016/08/31 04:58:00]  Get /css/mycss.css HTTP/1.1
INFO: - -[2016/08/31 04:58:00]  Get /image/1.jpg HTTP/1.1
INFO: - -[2016/08/31 04:58:00]  Get /image/1.jpg HTTP/1.1
INFO: - -[2016/08/31 04:58:00]  Get /index.html HTTP/1.1
INFO: - -[2016/08/31 04:58:00]  Get /index.html HTTP/1.1
INFO: - -[2016/08/31 04:58:00]  Get /css/mycss.css HTTP/1.1
INFO: - -[2016/08/31 04:58:00]  Get /css/mycss.css HTTP/1.1
INFO: - -[2016/08/31 04:58:00]  Get /image/1.jpg HTTP/1.1
INFO: - -[2016/08/31 04:58:00]  Get /image/1.jpg HTTP/1.1
INFO: - -[2016/08/31 04:58:00]  Get /index.html HTTP/1.1
INFO: - -[2016/08/31 04:58:00]  Get /css/mycss.css HTTP/1.1
INFO: - -[2016/08/31 04:58:00]  Get /index.html HTTP/1.1
INFO: - -[2016/08/31 04:58:00]  Get /image/1.jpg HTTP/1.1
INFO: - -[2016/08/31 04:58:00]  Get /css/mycss.css HTTP/1.1
INFO: - -[2016/08/31 04:58:00]  Get /index.html HTTP/1.1
INFO: - -[2016/08/31 04:58:00]  Get /image/1.jpg HTTP/1.1
INFO: - -[2016/08/31 04:58:00]  Get /css/mycss.css HTTP/1.1
INFO: - -[2016/08/31 04:58:00]  Get /image/1.jpg HTTP/1.1
INFO: - -[2016/08/31 04:58:00]  Get /index.html HTTP/1.1
INFO: - -[2016/08/31 04:58:00]  Get /css/mycss.css HTTP/1.1
INFO: - -[2016/08/31 04:58:00]  Get /index.html HTTP/1.1
INFO: - -[2016/08/31 04:58:00]  Get /image/1.jpg HTTP/1.1
INFO: - -[2016/08/31 04:58:00]  Get /css/mycss.css HTTP/1.1
INFO: - -[2016/08/31 04:58:00]  Get /image/1.jpg HTTP/1.1
INFO: - -[2016/08/31 04:58:01]  Get /index.html HTTP/1.1
INFO: - -[2016/08/31 04:58:01]  Get /css/mycss.css HTTP/1.1
INFO: - -[2016/08/31 04:58:01]  Get /index.html HTTP/1.1
INFO: - -[2016/08/31 04:58:01]  Get /image/1.jpg HTTP/1.1
INFO: - -[2016/08/31 04:58:01]  Get /css/mycss.css HTTP/1.1
INFO: - -[2016/08/31 04:58:01]  Get /index.html HTTP/1.1
INFO: - -[2016/08/31 04:58:01]  Get /image/1.jpg HTTP/1.1
INFO: - -[2016/08/31 04:58:01]  Get /css/mycss.css HTTP/1.1
INFO: - -[2016/08/31 04:58:01]  Get /image/1.jpg HTTP/1.1
INFO: - -[2016/08/31 04:58:01]  Get /index.html HTTP/1.1
INFO: - -[2016/08/31 04:58:01]  Get /css/mycss.css HTTP/1.1
INFO: - -[2016/08/31 04:58:01]  Get /index.html HTTP/1.1
INFO: - -[2016/08/31 04:58:01]  Get /image/1.jpg HTTP/1.1
INFO: - -[2016/08/31 04:58:01]  Get /css/mycss.css HTTP/1.1
INFO: - -[2016/08/31 04:58:01]  Get /index.html HTTP/1.1
INFO: - -[2016/08/31 04:58:01]  Get /image/1.jpg HTTP/1.1
INFO: - -[2016/08/31 04:58:01]  Get /css/mycss.css HTTP/1.1
INFO: - -[2016/08/31 04:58:01]  Get /index.html HTTP/1.1
INFO: - -[2016/08/31 04:58:01]  Get /image/1.jpg HTTP/1.1
INFO: - -[2016/08/31 04:58:01]  Get /css/mycss.css HTTP/1.1
INFO: - -[2016/08/31 04:58:01]  Get /image/1.jpg HTTP/1.1
INFO: - -[2016/08/31 04:58:01]  Get /index.html HTTP/1.1
INFO: - -[2016/08/31 04:58:01]  Get /css/mycss.css HTTP/1.1
INFO: - -[2016/08/31 04:58:01]  Get /index.html HTTP/1.1
INFO: - -[2016/08/31 04:58:01]  Get /image/1.jpg HTTP/1.1
INFO: - -[2016/08/31 04:58:01]  Get /css/mycss.css HTTP/1.1
INFO: - -[2016/08/31 04:58:01]  Get /image/1.jpg HTTP/1.1
INFO: - -[2016/08/31 04:58:01]  Get /index.html HTTP/1.1
INFO: - -[2016/08/31 04:58:01]  Get /css/mycss.css HTTP/1.1
INFO: - -[2016/08/31 04:58:01]  Get /image/1.jpg HTTP/1.1
INFO: - -[2016/08/31 04:58:02]  Get /index.html HTTP/1.1
INFO: - -[2016/08/31 04:58:02]  Get /css/mycss.css HTTP/1.1
INFO: - -[2016/08/31 04:58:02]  Get /image/1.jpg HTTP/1.1
INFO: - -[2016/08/31 04:58:02]  Get /index.html HTTP/1.1
INFO: - -[2016/08/31 04:58:02]  Get /css/mycss.css HTTP/1.1
INFO: - -[2016/08/31 04:58:02]  Get /image/1.jpg HTTP/1.1
INFO: - -[2016/08/31 04:58:02]  Get /index.html HTTP/1.1
INFO: - -[2016/08/31 04:58:02]  Get /css/mycss.css HTTP/1.1
INFO: - -[2016/08/31 04:58:02]  Get /image/1.jpg HTTP/1.1
INFO: - -[2016/08/31 04:58:02]  Get /index.html HTTP/1.1
INFO: - -[2016/08/31 04:58:02]  Get /css/mycss.css HTTP/1.1
INFO: - -[2016/08/31 04:58:02]  Get /index.html HTTP/1.1
INFO: - -[2016/08/31 04:58:02]  Get /css/mycss.css HTTP/1.1
INFO: - -[2016/08/31 04:58:02]  Get /image/1.jpg HTTP/1.1
INFO: - -[2016/08/31 04:58:02]  Get /image/1.jpg HTTP/1.1
INFO: - -[2016/08/31 04:58:02]  Get /index.html HTTP/1.1
INFO: - -[2016/08/31 04:58:02]  Get /css/mycss.css HTTP/1.1
INFO: - -[2016/08/31 04:58:02]  Get /image/1.jpg HTTP/1.1
INFO: - -[2016/08/31 04:58:02]  Get /index.html HTTP/1.1
INFO: - -[2016/08/31 04:58:02]  Get /css/mycss.css HTTP/1.1
INFO: - -[2016/08/31 04:58:02]  Get /image/1.jpg HTTP/1.1
INFO: - -[2016/08/31 04:58:02]  Get /index.html HTTP/1.1
INFO: - -[2016/08/31 04:58:02]  Get /css/mycss.css HTTP/1.1
INFO: - -[2016/08/31 04:58:02]  Get /image/1.jpg HTTP/1.1
INFO: - -[2016/08/31 04:58:02]  Get /index.html HTTP/1.1
INFO: - -[2016/08/31 04:58:02]  Get /css/mycss.css HTTP/1.1
INFO: - -[2016/08/31 04:58:02]  Get /image/1.jpg HTTP/1.1
INFO: - -[2016/08/31 04:58:02]  Get /index.html HTTP/1.1
INFO: - -[2016/08/31 04:58:02]  Get /css/mycss.css HTTP/1.1
INFO: - -[2016/08/31 04:58:02]  Get /image/1.jpg HTTP/1.1
INFO: - -[2016/08/31 04:58:02]  Get /index.html HTTP/1.1
INFO: - -[2016/08/31 04:58:02]  Get /css/mycss.css HTTP/1.1
INFO: - -[2016/08/31 04:58:02]  Get /image/1.jpg HTTP/1.1
INFO: - -[2016/08/31 04:58:02]  Get /index.html HTTP/1.1
INFO: - -[2016/08/31 04:58:02]  Get /css/mycss.css HTTP/1.1
INFO: - -[2016/08/31 04:58:02]  Get /image/1.jpg HTTP/1.1
INFO: - -[2016/08/31 04:58:02]  Get /index.html HTTP/1.1
INFO: - -[2016/08/31 04:58:02]  Get /css/mycss.css HTTP/1.1
INFO: - -[2016/08/31 04:58:02]  Get /image/1.jpg HTTP/1.1
INFO: - -[2016/08/31 04:58:02]  Get /index.html HTTP/1.1
INFO: - -[2016/08/31 04:58:02]  Get /css/mycss.css HTTP/1.1
INFO: - -[2016/08/31 04:58:03]  Get /image/1.jpg HTTP/1.1
INFO: - -[2016/08/31 04:58:03]  Get /index.html HTTP/1.1
INFO: - -[2016/08/31 04:58:03]  Get /css/mycss.css HTTP/1.1
INFO: - -[2016/08/31 04:58:03]  Get /image/1.jpg HTTP/1.1
INFO: - -[2016/08/31 04:58:03]  Get /index.html HTTP/1.1
INFO: - -[2016/08/31 04:58:03]  Get /css/mycss.css HTTP/1.1
INFO: - -[2016/08/31 04:58:03]  Get /image/1.jpg HTTP/1.1
INFO: - -[2016/08/31 04:58:03]  Get /index.html HTTP/1.1
INFO: - -[2016/08/31 04:58:03]  Get /css/mycss.css HTTP/1.1
INFO: - -[2016/08/31 04:58:03]  Get /image/1.jpg HTTP/1.1
INFO: - -[2016/08/31 04:58:03]  Get /index.html HTTP/1.1
INFO: - -[2016/08/31 04:58:03]  Get /css/mycss.css HTTP/1.1
INFO: - -[2016/08/31 04:58:03]  Get /image/1.jpg HTTP/1.1
INFO: - -[2016/08/31 04:58:03]  Get /index.html HTTP/1.1
INFO: - -[2016/08/31 04:58:03]  Get /css/mycss.css HTTP/1.1
INFO: - -[2016/08/31 04:58:03]  Get /image/1.jpg HTTP/1.1
INFO: - -[2016/08/31 04:58:03]  Get /index.html HTTP/1.1
INFO: - -[2016/08/31 04:58:03]  Get /css/mycss.css HTTP/1.1
INFO: - -[2016/08/31 04:58:03]  Get /image/1.jpg HTTP/1.1
INFO: - -[2016/08/31 04:58:03]  Get /index.html HTTP/1.1
INFO: - -[2016/08/31 04:58:03]  Get /css/mycss.css HTTP/1.1
INFO: - -[2016/08/31 04:58:03]  Get /image/1.jpg HTTP/1.1
INFO: - -[2016/08/31 04:58:04]  Get /index.html HTTP/1.1
INFO: - -[2016/08/31 04:58:04]  Get /css/mycss.css HTTP/1.1
INFO: - -[2016/08/31 04:58:04]  Get /index.html HTTP/1.1
INFO: - -[2016/08/31 04:58:04]  Get /image/1.jpg HTTP/1.1
INFO: - -[2016/08/31 04:58:04]  Get /css/mycss.css HTTP/1.1
INFO: - -[2016/08/31 04:58:04]  Get /image/1.jpg HTTP/1.1
INFO: - -[2016/08/31 04:58:04]  Get /index.html HTTP/1.1
INFO: - -[2016/08/31 04:58:04]  Get /css/mycss.css HTTP/1.1
INFO: - -[2016/08/31 04:58:04]  Get /index.html HTTP/1.1
INFO: - -[2016/08/31 04:58:04]  Get /image/1.jpg HTTP/1.1
INFO: - -[2016/08/31 04:58:04]  Get /css/mycss.css HTTP/1.1
INFO: - -[2016/08/31 04:58:04]  Get /index.html HTTP/1.1
INFO: - -[2016/08/31 04:58:04]  Get /image/1.jpg HTTP/1.1
INFO: - -[2016/08/31 04:58:04]  Get /css/mycss.css HTTP/1.1
INFO: - -[2016/08/31 04:58:04]  Get /image/1.jpg HTTP/1.1
INFO: - -[2016/08/31 04:58:04]  Get /index.html HTTP/1.1
INFO: - -[2016/08/31 04:58:04]  Get /css/mycss.css HTTP/1.1
INFO: - -[2016/08/31 04:58:04]  Get /index.html HTTP/1.1
INFO: - -[2016/08/31 04:58:04]  Get /image/1.jpg HTTP/1.1
INFO: - -[2016/08/31 04:58:04]  Get /css/mycss.css HTTP/1.1
INFO: - -[2016/08/31 04:58:05]  Get /index.html HTTP/1.1
INFO: - -[2016/08/31 04:58:05]  Get /image/1.jpg HTTP/1.1
INFO: - -[2016/08/31 04:58:05]  Get /css/mycss.css HTTP/1.1
INFO: - -[2016/08/31 04:58:05]  Get /index.html HTTP/1.1
INFO: - -[2016/08/31 04:58:05]  Get /image/1.jpg HTTP/1.1
INFO: - -[2016/08/31 04:58:05]  Get /css/mycss.css HTTP/1.1
INFO: - -[2016/08/31 04:58:05]  Get /index.html HTTP/1.1
INFO: - -[2016/08/31 04:58:05]  Get /image/1.jpg HTTP/1.1
INFO: - -[2016/08/31 04:58:05]  Get /css/mycss.css HTTP/1.1
INFO: - -[2016/08/31 04:58:05]  Get /image/1.jpg HTTP/1.1
INFO: - -[2016/08/31 04:58:05]  Get /index.html HTTP/1.1
INFO: - -[2016/08/31 04:58:05]  Get /index.html HTTP/1.1
INFO: - -[2016/08/31 04:58:05]  Get /css/mycss.css HTTP/1.1
INFO: - -[2016/08/31 04:58:05]  Get /css/mycss.css HTTP/1.1
INFO: - -[2016/08/31 04:58:05]  Get /image/1.jpg HTTP/1.1
INFO: - -[2016/08/31 04:58:05]  Get /image/1.jpg HTTP/1.1
INFO: - -[2016/08/31 04:58:05]  Get /index.html HTTP/1.1
INFO: - -[2016/08/31 04:58:05]  Get /css/mycss.css HTTP/1.1
INFO: - -[2016/08/31 04:58:05]  Get /index.html HTTP/1.1
INFO: - -[2016/08/31 04:58:05]  Get /image/1.jpg HTTP/1.1
INFO: - -[2016/08/31 04:58:05]  Get /css/mycss.css HTTP/1.1
INFO: - -[2016/08/31 04:58:05]  Get /image/1.jpg HTTP/1.1
INFO: - -[2016/08/31 04:58:06]  Get /index.html HTTP/1.1
INFO: - -[2016/08/31 04:58:06]  Get /css/mycss.css HTTP/1.1
INFO: - -[2016/08/31 04:58:06]  Get /index.html HTTP/1.1
INFO: - -[2016/08/31 04:58:06]  Get /css/mycss.css HTTP/1.1
INFO: - -[2016/08/31 04:58:06]  Get /image/1.jpg HTTP/1.1
INFO: - -[2016/08/31 04:58:06]  Get /image/1.jpg HTTP/1.1
INFO: - -[2016/08/31 04:58:06]  Get /index.html HTTP/1.1
INFO: - -[2016/08/31 04:58:06]  Get /index.html HTTP/1.1
INFO: - -[2016/08/31 04:58:06]  Get /css/mycss.css HTTP/1.1
INFO: - -[2016/08/31 04:58:06]  Get /css/mycss.css HTTP/1.1
INFO: - -[2016/08/31 04:58:06]  Get /image/1.jpg HTTP/1.1
INFO: - -[2016/08/31 04:58:06]  Get /image/1.jpg HTTP/1.1
INFO: - -[2016/08/31 04:58:06]  Get /index.html HTTP/1.1
INFO: - -[2016/08/31 04:58:06]  Get /index.html HTTP/1.1
INFO: - -[2016/08/31 04:58:06]  Get /css/mycss.css HTTP/1.1
INFO: - -[2016/08/31 04:58:06]  Get /css/mycss.css HTTP/1.1
INFO: - -[2016/08/31 04:58:06]  Get /image/1.jpg HTTP/1.1
INFO: - -[2016/08/31 04:58:06]  Get /image/1.jpg HTTP/1.1
INFO: - -[2016/08/31 04:58:06]  Get /index.html HTTP/1.1
INFO: - -[2016/08/31 04:58:06]  Get /css/mycss.css HTTP/1.1
INFO: - -[2016/08/31 04:58:06]  Get /image/1.jpg HTTP/1.1
INFO: - -[2016/08/31 04:58:06]  Get /index.html HTTP/1.1
INFO: - -[2016/08/31 04:58:06]  Get /css/mycss.css HTTP/1.1
INFO: - -[2016/08/31 04:58:06]  Get /image/1.jpg HTTP/1.1
INFO: - -[2016/08/31 04:58:06]  Get /index.html HTTP/1.1
INFO: - -[2016/08/31 04:58:06]  Get /css/mycss.css HTTP/1.1
INFO: - -[2016/08/31 04:58:06]  Get /image/1.jpg HTTP/1.1
INFO: - -[2016/08/31 04:59:43]  服务器在0.0.0.0/0.0.0.0:8080开启
INFO: - -[2016/08/31 04:59:48]  Get /index.html HTTP/1.1
INFO: - -[2016/08/31 04:59:48]  Get /index.html HTTP/1.1
INFO: - -[2016/08/31 04:59:48]  Get /index.html HTTP/1.1
INFO: - -[2016/08/31 04:59:48]  Get /index.html HTTP/1.1
INFO: - -[2016/08/31 04:59:48]  Get /index.html HTTP/1.1
INFO: - -[2016/08/31 04:59:48]  Get /index.html HTTP/1.1
INFO: - -[2016/08/31 04:59:48]  Get /index.html HTTP/1.1
INFO: - -[2016/08/31 04:59:48]  Get /index.html HTTP/1.1
INFO: - -[2016/08/31 04:59:48]  Get /index.html HTTP/1.1
INFO: - -[2016/08/31 04:59:48]  Get /index.html HTTP/1.1
INFO: - -[2016/08/31 04:59:48]  Get /index.html HTTP/1.1
INFO: - -[2016/08/31 04:59:48]  Get /index.html HTTP/1.1
INFO: - -[2016/08/31 04:59:48]  Get /index.html HTTP/1.1
INFO: - -[2016/08/31 04:59:48]  Get /index.html HTTP/1.1
INFO: - -[2016/08/31 04:59:48]  Get /index.html HTTP/1.1
INFO: - -[2016/08/31 04:59:48]  Get /index.html HTTP/1.1
INFO: - -[2016/08/31 04:59:48]  Get /index.html HTTP/1.1
INFO: - -[2016/08/31 04:59:48]  Get /index.html HTTP/1.1
INFO: - -[2016/08/31 04:59:48]  Get /index.html HTTP/1.1
INFO: - -[2016/08/31 04:59:48]  Get /index.html HTTP/1.1
INFO: - -[2016/08/31 04:59:48]  Get /index.html HTTP/1.1
INFO: - -[2016/08/31 04:59:48]  Get /index.html HTTP/1.1
INFO: - -[2016/08/31 04:59:48]  Get /index.html HTTP/1.1
INFO: - -[2016/08/31 04:59:48]  Get /index.html HTTP/1.1
INFO: - -[2016/08/31 04:59:48]  Get /index.html HTTP/1.1
INFO: - -[2016/08/31 04:59:48]  Get /index.html HTTP/1.1
INFO: - -[2016/08/31 04:59:48]  Get /index.html HTTP/1.1
INFO: - -[2016/08/31 04:59:48]  Get /index.html HTTP/1.1
INFO: - -[2016/08/31 04:59:48]  Get /index.html HTTP/1.1
INFO: - -[2016/08/31 04:59:48]  Get /index.html HTTP/1.1
INFO: - -[2016/08/31 04:59:48]  Get /index.html HTTP/1.1
INFO: - -[2016/08/31 04:59:48]  Get /index.html HTTP/1.1
INFO: - -[2016/08/31 04:59:48]  Get /index.html HTTP/1.1
INFO: - -[2016/08/31 04:59:48]  Get /index.html HTTP/1.1
INFO: - -[2016/08/31 04:59:48]  Get /index.html HTTP/1.1
INFO: - -[2016/08/31 04:59:48]  Get /index.html HTTP/1.1
INFO: - -[2016/08/31 04:59:48]  Get /index.html HTTP/1.1
INFO: - -[2016/08/31 04:59:48]  Get /index.html HTTP/1.1
INFO: - -[2016/08/31 04:59:48]  Get /index.html HTTP/1.1
INFO: - -[2016/08/31 04:59:48]  Get /index.html HTTP/1.1
INFO: - -[2016/08/31 04:59:48]  Get /index.html HTTP/1.1
INFO: - -[2016/08/31 04:59:48]  Get /index.html HTTP/1.1
INFO: - -[2016/08/31 04:59:48]  Get /index.html HTTP/1.1
INFO: - -[2016/08/31 04:59:48]  Get /index.html HTTP/1.1
INFO: - -[2016/08/31 04:59:48]  Get /index.html HTTP/1.1
INFO: - -[2016/08/31 04:59:48]  Get /index.html HTTP/1.1
INFO: - -[2016/08/31 04:59:48]  Get /index.html HTTP/1.1
INFO: - -[2016/08/31 04:59:48]  Get /index.html HTTP/1.1
INFO: - -[2016/08/31 04:59:48]  Get /index.html HTTP/1.1
INFO: - -[2016/08/31 04:59:48]  Get /index.html HTTP/1.1
INFO: - -[2016/08/31 04:59:48]  Get /index.html HTTP/1.1
INFO: - -[2016/08/31 04:59:48]  Get /index.html HTTP/1.1
INFO: - -[2016/08/31 04:59:48]  Get /index.html HTTP/1.1
INFO: - -[2016/08/31 04:59:48]  Get /index.html HTTP/1.1
INFO: - -[2016/08/31 04:59:48]  Get /index.html HTTP/1.1
INFO: - -[2016/08/31 04:59:48]  Get /index.html HTTP/1.1
INFO: - -[2016/08/31 04:59:48]  Get /index.html HTTP/1.1
INFO: - -[2016/08/31 04:59:48]  Get /index.html HTTP/1.1
INFO: - -[2016/08/31 04:59:48]  Get /index.html HTTP/1.1
INFO: - -[2016/08/31 04:59:48]  Get /index.html HTTP/1.1
INFO: - -[2016/08/31 04:59:48]  Get /index.html HTTP/1.1
INFO: - -[2016/08/31 04:59:48]  Get /index.html HTTP/1.1
INFO: - -[2016/08/31 04:59:48]  Get /index.html HTTP/1.1
INFO: - -[2016/08/31 04:59:48]  Get /index.html HTTP/1.1
INFO: - -[2016/08/31 04:59:48]  Get /index.html HTTP/1.1
INFO: - -[2016/08/31 04:59:48]  Get /index.html HTTP/1.1
INFO: - -[2016/08/31 04:59:48]  Get /index.html HTTP/1.1
INFO: - -[2016/08/31 04:59:48]  Get /index.html HTTP/1.1
INFO: - -[2016/08/31 04:59:48]  Get /index.html HTTP/1.1
INFO: - -[2016/08/31 04:59:48]  Get /index.html HTTP/1.1
INFO: - -[2016/08/31 04:59:48]  Get /index.html HTTP/1.1
INFO: - -[2016/08/31 04:59:48]  Get /index.html HTTP/1.1
INFO: - -[2016/08/31 04:59:48]  Get /index.html HTTP/1.1
INFO: - -[2016/08/31 04:59:48]  Get /index.html HTTP/1.1
INFO: - -[2016/08/31 04:59:48]  Get /index.html HTTP/1.1
INFO: - -[2016/08/31 04:59:48]  Get /index.html HTTP/1.1
INFO: - -[2016/08/31 04:59:48]  Get /index.html HTTP/1.1
INFO: - -[2016/08/31 04:59:48]  Get /index.html HTTP/1.1
INFO: - -[2016/08/31 04:59:48]  Get /index.html HTTP/1.1
INFO: - -[2016/08/31 04:59:48]  Get /index.html HTTP/1.1
INFO: - -[2016/08/31 04:59:48]  Get /index.html HTTP/1.1
INFO: - -[2016/08/31 04:59:48]  Get /index.html HTTP/1.1
INFO: - -[2016/08/31 04:59:48]  Get /index.html HTTP/1.1
INFO: - -[2016/08/31 04:59:48]  Get /index.html HTTP/1.1
INFO: - -[2016/08/31 04:59:48]  Get /index.html HTTP/1.1
INFO: - -[2016/08/31 04:59:48]  Get /index.html HTTP/1.1
INFO: - -[2016/08/31 04:59:48]  Get /index.html HTTP/1.1
INFO: - -[2016/08/31 04:59:48]  Get /index.html HTTP/1.1
INFO: - -[2016/08/31 04:59:48]  Get /index.html HTTP/1.1
INFO: - -[2016/08/31 04:59:48]  Get /index.html HTTP/1.1
INFO: - -[2016/08/31 04:59:48]  Get /index.html HTTP/1.1
INFO: - -[2016/08/31 04:59:48]  Get /index.html HTTP/1.1
INFO: - -[2016/08/31 04:59:48]  Get /index.html HTTP/1.1
INFO: - -[2016/08/31 04:59:48]  Get /index.html HTTP/1.1
INFO: - -[2016/08/31 04:59:48]  Get /index.html HTTP/1.1
INFO: - -[2016/08/31 04:59:48]  Get /index.html HTTP/1.1
INFO: - -[2016/08/31 04:59:48]  Get /index.html HTTP/1.1
INFO: - -[2016/08/31 04:59:48]  Get /index.html HTTP/1.1
INFO: - -[2016/08/31 04:59:48]  Get /index.html HTTP/1.1
INFO: - -[2016/08/31 04:59:48]  Get /index.html HTTP/1.1
INFO: - -[2016/08/31 04:59:48]  Get /index.html HTTP/1.1
INFO: - -[2016/08/31 04:59:48]  Get /index.html HTTP/1.1
INFO: - -[2016/08/31 04:59:48]  Get /index.html HTTP/1.1
INFO: - -[2016/08/31 04:59:48]  Get /index.html HTTP/1.1
INFO: - -[2016/08/31 04:59:48]  Get /index.html HTTP/1.1
INFO: - -[2016/08/31 04:59:48]  Get /index.html HTTP/1.1
INFO: - -[2016/08/31 04:59:48]  Get /index.html HTTP/1.1
INFO: - -[2016/08/31 04:59:48]  Get /index.html HTTP/1.1
INFO: - -[2016/08/31 04:59:48]  Get /index.html HTTP/1.1
INFO: - -[2016/08/31 04:59:48]  Get /index.html HTTP/1.1
INFO: - -[2016/08/31 04:59:48]  Get /index.html HTTP/1.1
INFO: - -[2016/08/31 04:59:48]  Get /index.html HTTP/1.1
INFO: - -[2016/08/31 04:59:48]  Get /index.html HTTP/1.1
INFO: - -[2016/08/31 04:59:48]  Get /index.html HTTP/1.1
INFO: - -[2016/08/31 04:59:48]  Get /index.html HTTP/1.1
INFO: - -[2016/08/31 04:59:48]  Get /index.html HTTP/1.1
INFO: - -[2016/08/31 04:59:48]  Get /index.html HTTP/1.1
INFO: - -[2016/08/31 04:59:48]  Get /index.html HTTP/1.1
INFO: - -[2016/08/31 04:59:48]  Get /index.html HTTP/1.1
INFO: - -[2016/08/31 04:59:48]  Get /index.html HTTP/1.1
INFO: - -[2016/08/31 04:59:48]  Get /index.html HTTP/1.1
INFO: - -[2016/08/31 04:59:48]  Get /index.html HTTP/1.1
INFO: - -[2016/08/31 04:59:48]  Get /index.html HTTP/1.1
INFO: - -[2016/08/31 04:59:48]  Get /index.html HTTP/1.1
INFO: - -[2016/08/31 04:59:48]  Get /index.html HTTP/1.1
INFO: - -[2016/08/31 04:59:48]  Get /index.html HTTP/1.1
INFO: - -[2016/08/31 04:59:48]  Get /index.html HTTP/1.1
INFO: - -[2016/08/31 04:59:48]  Get /index.html HTTP/1.1
INFO: - -[2016/08/31 04:59:48]  Get /index.html HTTP/1.1
INFO: - -[2016/08/31 04:59:48]  Get /index.html HTTP/1.1
INFO: - -[2016/08/31 04:59:48]  Get /index.html HTTP/1.1
INFO: - -[2016/08/31 04:59:48]  Get /index.html HTTP/1.1
INFO: - -[2016/08/31 04:59:48]  Get /index.html HTTP/1.1
INFO: - -[2016/08/31 04:59:48]  Get /index.html HTTP/1.1
INFO: - -[2016/08/31 04:59:48]  Get /index.html HTTP/1.1
INFO: - -[2016/08/31 04:59:48]  Get /index.html HTTP/1.1
INFO: - -[2016/08/31 04:59:48]  Get /index.html HTTP/1.1
INFO: - -[2016/08/31 04:59:48]  Get /index.html HTTP/1.1
INFO: - -[2016/08/31 04:59:48]  Get /index.html HTTP/1.1
INFO: - -[2016/08/31 04:59:48]  Get /index.html HTTP/1.1
INFO: - -[2016/08/31 04:59:48]  Get /index.html HTTP/1.1
INFO: - -[2016/08/31 04:59:48]  Get /index.html HTTP/1.1
INFO: - -[2016/08/31 04:59:48]  Get /index.html HTTP/1.1
INFO: - -[2016/08/31 04:59:48]  Get /index.html HTTP/1.1
INFO: - -[2016/08/31 04:59:48]  Get /index.html HTTP/1.1
INFO: - -[2016/08/31 04:59:48]  Get /index.html HTTP/1.1
INFO: - -[2016/08/31 04:59:48]  Get /index.html HTTP/1.1
INFO: - -[2016/08/31 04:59:48]  Get /index.html HTTP/1.1
INFO: - -[2016/08/31 04:59:48]  Get /index.html HTTP/1.1
INFO: - -[2016/08/31 04:59:48]  Get /index.html HTTP/1.1
INFO: - -[2016/08/31 04:59:48]  Get /index.html HTTP/1.1
INFO: - -[2016/08/31 04:59:49]  Get /index.html HTTP/1.1
INFO: - -[2016/08/31 04:59:49]  Get /index.html HTTP/1.1
INFO: - -[2016/08/31 04:59:49]  Get /index.html HTTP/1.1
INFO: - -[2016/08/31 04:59:49]  Get /index.html HTTP/1.1
INFO: - -[2016/08/31 04:59:49]  Get /index.html HTTP/1.1
INFO: - -[2016/08/31 04:59:49]  Get /index.html HTTP/1.1
INFO: - -[2016/08/31 04:59:49]  Get /index.html HTTP/1.1
INFO: - -[2016/08/31 04:59:49]  Get /index.html HTTP/1.1
INFO: - -[2016/08/31 04:59:49]  Get /index.html HTTP/1.1
INFO: - -[2016/08/31 04:59:49]  Get /index.html HTTP/1.1
INFO: - -[2016/08/31 04:59:49]  Get /index.html HTTP/1.1
INFO: - -[2016/08/31 04:59:49]  Get /index.html HTTP/1.1
INFO: - -[2016/08/31 04:59:49]  Get /index.html HTTP/1.1
INFO: - -[2016/08/31 04:59:49]  Get /index.html HTTP/1.1
INFO: - -[2016/08/31 04:59:49]  Get /index.html HTTP/1.1
INFO: - -[2016/08/31 04:59:49]  Get /index.html HTTP/1.1
INFO: - -[2016/08/31 04:59:49]  Get /index.html HTTP/1.1
INFO: - -[2016/08/31 04:59:49]  Get /index.html HTTP/1.1
INFO: - -[2016/08/31 04:59:49]  Get /index.html HTTP/1.1
INFO: - -[2016/08/31 04:59:49]  Get /index.html HTTP/1.1
INFO: - -[2016/08/31 04:59:49]  Get /index.html HTTP/1.1
INFO: - -[2016/08/31 04:59:49]  Get /index.html HTTP/1.1
INFO: - -[2016/08/31 04:59:49]  Get /index.html HTTP/1.1
INFO: - -[2016/08/31 04:59:49]  Get /index.html HTTP/1.1
INFO: - -[2016/08/31 04:59:49]  Get /index.html HTTP/1.1
INFO: - -[2016/08/31 04:59:49]  Get /index.html HTTP/1.1
INFO: - -[2016/08/31 04:59:49]  Get /index.html HTTP/1.1
INFO: - -[2016/08/31 04:59:49]  Get /index.html HTTP/1.1
INFO: - -[2016/08/31 04:59:49]  Get /index.html HTTP/1.1
INFO: - -[2016/08/31 04:59:49]  Get /index.html HTTP/1.1
INFO: - -[2016/08/31 04:59:49]  Get /index.html HTTP/1.1
INFO: - -[2016/08/31 04:59:49]  Get /index.html HTTP/1.1
INFO: - -[2016/08/31 04:59:49]  Get /index.html HTTP/1.1
INFO: - -[2016/08/31 04:59:49]  Get /index.html HTTP/1.1
INFO: - -[2016/08/31 04:59:49]  Get /index.html HTTP/1.1
INFO: - -[2016/08/31 04:59:49]  Get /index.html HTTP/1.1
INFO: - -[2016/08/31 04:59:49]  Get /index.html HTTP/1.1
INFO: - -[2016/08/31 04:59:49]  Get /index.html HTTP/1.1
INFO: - -[2016/08/31 04:59:49]  Get /index.html HTTP/1.1
INFO: - -[2016/08/31 04:59:49]  Get /index.html HTTP/1.1
INFO: - -[2016/08/31 04:59:49]  Get /index.html HTTP/1.1
INFO: - -[2016/08/31 04:59:49]  Get /index.html HTTP/1.1
INFO: - -[2016/08/31 04:59:49]  Get /index.html HTTP/1.1
INFO: - -[2016/08/31 04:59:49]  Get /index.html HTTP/1.1
INFO: - -[2016/08/31 04:59:49]  Get /index.html HTTP/1.1
INFO: - -[2016/08/31 04:59:49]  Get /index.html HTTP/1.1
INFO: - -[2016/08/31 04:59:49]  Get /index.html HTTP/1.1
INFO: - -[2016/08/31 04:59:49]  Get /index.html HTTP/1.1
INFO: - -[2016/08/31 04:59:49]  Get /index.html HTTP/1.1
INFO: - -[2016/08/31 04:59:49]  Get /index.html HTTP/1.1
INFO: - -[2016/08/31 04:59:49]  Get /index.html HTTP/1.1
INFO: - -[2016/08/31 04:59:49]  Get /index.html HTTP/1.1
INFO: - -[2016/08/31 04:59:49]  Get /index.html HTTP/1.1
INFO: - -[2016/08/31 04:59:49]  Get /index.html HTTP/1.1
INFO: - -[2016/08/31 04:59:49]  Get /index.html HTTP/1.1
INFO: - -[2016/08/31 04:59:49]  Get /index.html HTTP/1.1
INFO: - -[2016/08/31 04:59:49]  Get /index.html HTTP/1.1
INFO: - -[2016/08/31 04:59:49]  Get /index.html HTTP/1.1
INFO: - -[2016/08/31 04:59:49]  Get /index.html HTTP/1.1
INFO: - -[2016/08/31 04:59:49]  Get /index.html HTTP/1.1
INFO: - -[2016/08/31 04:59:49]  Get /index.html HTTP/1.1
INFO: - -[2016/08/31 04:59:49]  Get /index.html HTTP/1.1
INFO: - -[2016/08/31 04:59:49]  Get /index.html HTTP/1.1
INFO: - -[2016/08/31 04:59:49]  Get /index.html HTTP/1.1
INFO: - -[2016/08/31 04:59:49]  Get /index.html HTTP/1.1
INFO: - -[2016/08/31 04:59:49]  Get /index.html HTTP/1.1
INFO: - -[2016/08/31 04:59:49]  Get /index.html HTTP/1.1
INFO: - -[2016/08/31 04:59:49]  Get /index.html HTTP/1.1
INFO: - -[2016/08/31 04:59:49]  Get /index.html HTTP/1.1
INFO: - -[2016/08/31 04:59:49]  Get /index.html HTTP/1.1
INFO: - -[2016/08/31 04:59:49]  Get /index.html HTTP/1.1
INFO: - -[2016/08/31 04:59:49]  Get /index.html HTTP/1.1
INFO: - -[2016/08/31 04:59:49]  Get /index.html HTTP/1.1
INFO: - -[2016/08/31 04:59:49]  Get /index.html HTTP/1.1
INFO: - -[2016/08/31 04:59:49]  Get /index.html HTTP/1.1
INFO: - -[2016/08/31 04:59:49]  Get /index.html HTTP/1.1
INFO: - -[2016/08/31 04:59:49]  Get /index.html HTTP/1.1
INFO: - -[2016/08/31 04:59:49]  Get /index.html HTTP/1.1
INFO: - -[2016/08/31 04:59:49]  Get /index.html HTTP/1.1
INFO: - -[2016/08/31 04:59:49]  Get /index.html HTTP/1.1
INFO: - -[2016/08/31 04:59:49]  Get /index.html HTTP/1.1
INFO: - -[2016/08/31 04:59:49]  Get /index.html HTTP/1.1
INFO: - -[2016/08/31 04:59:49]  Get /index.html HTTP/1.1
INFO: - -[2016/08/31 04:59:49]  Get /index.html HTTP/1.1
INFO: - -[2016/08/31 04:59:49]  Get /index.html HTTP/1.1
INFO: - -[2016/08/31 04:59:49]  Get /index.html HTTP/1.1
INFO: - -[2016/08/31 04:59:49]  Get /index.html HTTP/1.1
INFO: - -[2016/08/31 04:59:49]  Get /index.html HTTP/1.1
INFO: - -[2016/08/31 04:59:49]  Get /index.html HTTP/1.1
INFO: - -[2016/08/31 04:59:49]  Get /index.html HTTP/1.1
INFO: - -[2016/08/31 04:59:49]  Get /index.html HTTP/1.1
INFO: - -[2016/08/31 04:59:49]  Get /index.html HTTP/1.1
INFO: - -[2016/08/31 04:59:49]  Get /index.html HTTP/1.1
INFO: - -[2016/08/31 04:59:49]  Get /index.html HTTP/1.1
INFO: - -[2016/08/31 04:59:49]  Get /index.html HTTP/1.1
INFO: - -[2016/08/31 04:59:49]  Get /index.html HTTP/1.1
INFO: - -[2016/08/31 04:59:49]  Get /index.html HTTP/1.1
INFO: - -[2016/08/31 04:59:49]  Get /index.html HTTP/1.1
INFO: - -[2016/08/31 04:59:49]  Get /index.html HTTP/1.1
INFO: - -[2016/08/31 04:59:49]  Get /index.html HTTP/1.1
INFO: - -[2016/08/31 04:59:49]  Get /index.html HTTP/1.1
INFO: - -[2016/08/31 04:59:49]  Get /index.html HTTP/1.1
INFO: - -[2016/08/31 04:59:49]  Get /index.html HTTP/1.1
INFO: - -[2016/08/31 04:59:49]  Get /index.html HTTP/1.1
INFO: - -[2016/08/31 04:59:49]  Get /index.html HTTP/1.1
INFO: - -[2016/08/31 04:59:49]  Get /index.html HTTP/1.1
INFO: - -[2016/08/31 04:59:49]  Get /index.html HTTP/1.1
INFO: - -[2016/08/31 04:59:49]  Get /index.html HTTP/1.1
INFO: - -[2016/08/31 04:59:49]  Get /index.html HTTP/1.1
INFO: - -[2016/08/31 04:59:49]  Get /index.html HTTP/1.1
INFO: - -[2016/08/31 04:59:49]  Get /index.html HTTP/1.1
INFO: - -[2016/08/31 04:59:49]  Get /index.html HTTP/1.1
INFO: - -[2016/08/31 04:59:49]  Get /index.html HTTP/1.1
INFO: - -[2016/08/31 04:59:49]  Get /index.html HTTP/1.1
INFO: - -[2016/08/31 04:59:49]  Get /index.html HTTP/1.1
INFO: - -[2016/08/31 04:59:49]  Get /index.html HTTP/1.1
INFO: - -[2016/08/31 04:59:49]  Get /index.html HTTP/1.1
INFO: - -[2016/08/31 04:59:49]  Get /index.html HTTP/1.1
INFO: - -[2016/08/31 04:59:49]  Get /index.html HTTP/1.1
INFO: - -[2016/08/31 04:59:49]  Get /index.html HTTP/1.1
INFO: - -[2016/08/31 04:59:49]  Get /index.html HTTP/1.1
INFO: - -[2016/08/31 04:59:49]  Get /index.html HTTP/1.1
INFO: - -[2016/08/31 04:59:49]  Get /index.html HTTP/1.1
INFO: - -[2016/08/31 04:59:49]  Get /index.html HTTP/1.1
INFO: - -[2016/08/31 04:59:49]  Get /index.html HTTP/1.1
INFO: - -[2016/08/31 04:59:49]  Get /index.html HTTP/1.1
INFO: - -[2016/08/31 04:59:49]  Get /index.html HTTP/1.1
INFO: - -[2016/08/31 04:59:49]  Get /index.html HTTP/1.1
INFO: - -[2016/08/31 04:59:49]  Get /index.html HTTP/1.1
INFO: - -[2016/08/31 04:59:49]  Get /index.html HTTP/1.1
INFO: - -[2016/08/31 04:59:49]  Get /index.html HTTP/1.1
INFO: - -[2016/08/31 04:59:49]  Get /index.html HTTP/1.1
INFO: - -[2016/08/31 04:59:49]  Get /index.html HTTP/1.1
INFO: - -[2016/08/31 04:59:49]  Get /index.html HTTP/1.1
INFO: - -[2016/08/31 04:59:49]  Get /index.html HTTP/1.1
INFO: - -[2016/08/31 04:59:49]  Get /index.html HTTP/1.1
INFO: - -[2016/08/31 04:59:49]  Get /index.html HTTP/1.1
INFO: - -[2016/08/31 04:59:49]  Get /index.html HTTP/1.1
INFO: - -[2016/08/31 04:59:49]  Get /index.html HTTP/1.1
INFO: - -[2016/08/31 04:59:49]  Get /index.html HTTP/1.1
INFO: - -[2016/08/31 04:59:49]  Get /index.html HTTP/1.1
INFO: - -[2016/08/31 04:59:49]  Get /index.html HTTP/1.1
INFO: - -[2016/08/31 04:59:49]  Get /index.html HTTP/1.1
INFO: - -[2016/08/31 04:59:49]  Get /index.html HTTP/1.1
INFO: - -[2016/08/31 04:59:49]  Get /index.html HTTP/1.1
INFO: - -[2016/08/31 04:59:49]  Get /index.html HTTP/1.1
INFO: - -[2016/08/31 04:59:49]  Get /index.html HTTP/1.1
INFO: - -[2016/08/31 04:59:49]  Get /index.html HTTP/1.1
INFO: - -[2016/08/31 04:59:49]  Get /index.html HTTP/1.1
INFO: - -[2016/08/31 04:59:49]  Get /index.html HTTP/1.1
INFO: - -[2016/08/31 04:59:49]  Get /index.html HTTP/1.1
INFO: - -[2016/08/31 04:59:49]  Get /index.html HTTP/1.1
INFO: - -[2016/08/31 04:59:49]  Get /index.html HTTP/1.1
INFO: - -[2016/08/31 04:59:49]  Get /index.html HTTP/1.1
INFO: - -[2016/08/31 04:59:49]  Get /index.html HTTP/1.1
INFO: - -[2016/08/31 04:59:49]  Get /index.html HTTP/1.1
INFO: - -[2016/08/31 04:59:49]  Get /index.html HTTP/1.1
INFO: - -[2016/08/31 04:59:49]  Get /index.html HTTP/1.1
INFO: - -[2016/08/31 04:59:49]  Get /index.html HTTP/1.1
INFO: - -[2016/08/31 04:59:49]  Get /index.html HTTP/1.1
INFO: - -[2016/08/31 04:59:49]  Get /index.html HTTP/1.1
INFO: - -[2016/08/31 04:59:49]  Get /index.html HTTP/1.1
INFO: - -[2016/08/31 04:59:49]  Get /index.html HTTP/1.1
INFO: - -[2016/08/31 04:59:49]  Get /index.html HTTP/1.1
INFO: - -[2016/08/31 04:59:49]  Get /index.html HTTP/1.1
INFO: - -[2016/08/31 04:59:49]  Get /index.html HTTP/1.1
INFO: - -[2016/08/31 04:59:49]  Get /index.html HTTP/1.1
INFO: - -[2016/08/31 04:59:49]  Get /index.html HTTP/1.1
INFO: - -[2016/08/31 04:59:49]  Get /index.html HTTP/1.1
INFO: - -[2016/08/31 04:59:49]  Get /index.html HTTP/1.1
INFO: - -[2016/08/31 04:59:49]  Get /index.html HTTP/1.1
INFO: - -[2016/08/31 04:59:49]  Get /index.html HTTP/1.1
INFO: - -[2016/08/31 04:59:49]  Get /index.html HTTP/1.1
INFO: - -[2016/08/31 04:59:49]  Get /index.html HTTP/1.1
INFO: - -[2016/08/31 04:59:49]  Get /index.html HTTP/1.1
INFO: - -[2016/08/31 04:59:49]  Get /index.html HTTP/1.1
INFO: - -[2016/08/31 04:59:49]  Get /index.html HTTP/1.1
INFO: - -[2016/08/31 04:59:49]  Get /index.html HTTP/1.1
INFO: - -[2016/08/31 04:59:49]  Get /index.html HTTP/1.1
INFO: - -[2016/08/31 04:59:49]  Get /index.html HTTP/1.1
INFO: - -[2016/08/31 04:59:49]  Get /index.html HTTP/1.1
INFO: - -[2016/08/31 04:59:49]  Get /index.html HTTP/1.1
INFO: - -[2016/08/31 04:59:49]  Get /index.html HTTP/1.1
INFO: - -[2016/08/31 04:59:49]  Get /index.html HTTP/1.1
INFO: - -[2016/08/31 04:59:49]  Get /index.html HTTP/1.1
INFO: - -[2016/08/31 04:59:49]  Get /index.html HTTP/1.1
INFO: - -[2016/08/31 04:59:49]  Get /index.html HTTP/1.1
INFO: - -[2016/08/31 04:59:49]  Get /index.html HTTP/1.1
INFO: - -[2016/08/31 04:59:49]  Get /index.html HTTP/1.1
INFO: - -[2016/08/31 04:59:49]  Get /index.html HTTP/1.1
INFO: - -[2016/08/31 04:59:49]  Get /index.html HTTP/1.1
INFO: - -[2016/08/31 04:59:49]  Get /index.html HTTP/1.1
INFO: - -[2016/08/31 04:59:49]  Get /index.html HTTP/1.1
INFO: - -[2016/08/31 04:59:49]  Get /index.html HTTP/1.1
INFO: - -[2016/08/31 04:59:49]  Get /index.html HTTP/1.1
INFO: - -[2016/08/31 04:59:49]  Get /index.html HTTP/1.1
INFO: - -[2016/08/31 04:59:49]  Get /index.html HTTP/1.1
INFO: - -[2016/08/31 04:59:49]  Get /index.html HTTP/1.1
INFO: - -[2016/08/31 04:59:49]  Get /index.html HTTP/1.1
INFO: - -[2016/08/31 04:59:49]  Get /index.html HTTP/1.1
INFO: - -[2016/08/31 04:59:49]  Get /index.html HTTP/1.1
INFO: - -[2016/08/31 04:59:49]  Get /index.html HTTP/1.1
INFO: - -[2016/08/31 04:59:49]  Get /index.html HTTP/1.1
INFO: - -[2016/08/31 04:59:49]  Get /index.html HTTP/1.1
INFO: - -[2016/08/31 04:59:49]  Get /index.html HTTP/1.1
INFO: - -[2016/08/31 04:59:49]  Get /index.html HTTP/1.1
INFO: - -[2016/08/31 04:59:49]  Get /index.html HTTP/1.1
INFO: - -[2016/08/31 04:59:49]  Get /index.html HTTP/1.1
INFO: - -[2016/08/31 04:59:49]  Get /index.html HTTP/1.1
INFO: - -[2016/08/31 04:59:49]  Get /index.html HTTP/1.1
INFO: - -[2016/08/31 04:59:50]  Get /index.html HTTP/1.1
INFO: - -[2016/08/31 04:59:50]  Get /index.html HTTP/1.1
INFO: - -[2016/08/31 04:59:50]  Get /index.html HTTP/1.1
INFO: - -[2016/08/31 04:59:50]  Get /index.html HTTP/1.1
INFO: - -[2016/08/31 04:59:50]  Get /index.html HTTP/1.1
INFO: - -[2016/08/31 04:59:50]  Get /index.html HTTP/1.1
INFO: - -[2016/08/31 04:59:50]  Get /index.html HTTP/1.1
INFO: - -[2016/08/31 04:59:50]  Get /index.html HTTP/1.1
INFO: - -[2016/08/31 04:59:50]  Get /index.html HTTP/1.1
INFO: - -[2016/08/31 04:59:50]  Get /index.html HTTP/1.1
INFO: - -[2016/08/31 04:59:50]  Get /index.html HTTP/1.1
INFO: - -[2016/08/31 04:59:50]  Get /index.html HTTP/1.1
INFO: - -[2016/08/31 04:59:50]  Get /index.html HTTP/1.1
INFO: - -[2016/08/31 04:59:50]  Get /index.html HTTP/1.1
INFO: - -[2016/08/31 04:59:50]  Get /index.html HTTP/1.1
INFO: - -[2016/08/31 04:59:50]  Get /index.html HTTP/1.1
INFO: - -[2016/08/31 04:59:50]  Get /index.html HTTP/1.1
INFO: - -[2016/08/31 04:59:50]  Get /index.html HTTP/1.1
INFO: - -[2016/08/31 04:59:50]  Get /index.html HTTP/1.1
INFO: - -[2016/08/31 04:59:50]  Get /index.html HTTP/1.1
INFO: - -[2016/08/31 04:59:50]  Get /index.html HTTP/1.1
INFO: - -[2016/08/31 04:59:50]  Get /index.html HTTP/1.1
INFO: - -[2016/08/31 04:59:50]  Get /index.html HTTP/1.1
INFO: - -[2016/08/31 04:59:50]  Get /index.html HTTP/1.1
INFO: - -[2016/08/31 04:59:50]  Get /index.html HTTP/1.1
INFO: - -[2016/08/31 04:59:50]  Get /index.html HTTP/1.1
INFO: - -[2016/08/31 04:59:50]  Get /index.html HTTP/1.1
INFO: - -[2016/08/31 04:59:50]  Get /index.html HTTP/1.1
INFO: - -[2016/08/31 04:59:50]  Get /index.html HTTP/1.1
INFO: - -[2016/08/31 04:59:50]  Get /index.html HTTP/1.1
INFO: - -[2016/08/31 04:59:50]  Get /index.html HTTP/1.1
INFO: - -[2016/08/31 04:59:50]  Get /index.html HTTP/1.1
INFO: - -[2016/08/31 04:59:50]  Get /index.html HTTP/1.1
INFO: - -[2016/08/31 04:59:50]  Get /index.html HTTP/1.1
INFO: - -[2016/08/31 04:59:50]  Get /index.html HTTP/1.1
INFO: - -[2016/08/31 04:59:50]  Get /index.html HTTP/1.1
INFO: - -[2016/08/31 04:59:50]  Get /index.html HTTP/1.1
INFO: - -[2016/08/31 04:59:50]  Get /index.html HTTP/1.1
INFO: - -[2016/08/31 04:59:50]  Get /index.html HTTP/1.1
INFO: - -[2016/08/31 04:59:50]  Get /index.html HTTP/1.1
INFO: - -[2016/08/31 04:59:50]  Get /index.html HTTP/1.1
INFO: - -[2016/08/31 04:59:50]  Get /index.html HTTP/1.1
INFO: - -[2016/08/31 04:59:50]  Get /index.html HTTP/1.1
INFO: - -[2016/08/31 04:59:50]  Get /index.html HTTP/1.1
INFO: - -[2016/08/31 04:59:50]  Get /index.html HTTP/1.1
INFO: - -[2016/08/31 04:59:50]  Get /index.html HTTP/1.1
INFO: - -[2016/08/31 04:59:50]  Get /index.html HTTP/1.1
INFO: - -[2016/08/31 04:59:50]  Get /index.html HTTP/1.1
INFO: - -[2016/08/31 04:59:50]  Get /index.html HTTP/1.1
INFO: - -[2016/08/31 04:59:50]  Get /index.html HTTP/1.1
INFO: - -[2016/08/31 04:59:50]  Get /index.html HTTP/1.1
INFO: - -[2016/08/31 04:59:50]  Get /index.html HTTP/1.1
INFO: - -[2016/08/31 04:59:50]  Get /index.html HTTP/1.1
INFO: - -[2016/08/31 04:59:50]  Get /index.html HTTP/1.1
INFO: - -[2016/08/31 04:59:50]  Get /index.html HTTP/1.1
INFO: - -[2016/08/31 04:59:50]  Get /index.html HTTP/1.1
INFO: - -[2016/08/31 04:59:50]  Get /index.html HTTP/1.1
INFO: - -[2016/08/31 04:59:50]  Get /index.html HTTP/1.1
INFO: - -[2016/08/31 04:59:50]  Get /index.html HTTP/1.1
INFO: - -[2016/08/31 04:59:50]  Get /index.html HTTP/1.1
INFO: - -[2016/08/31 04:59:50]  Get /index.html HTTP/1.1
INFO: - -[2016/08/31 04:59:50]  Get /index.html HTTP/1.1
INFO: - -[2016/08/31 04:59:50]  Get /index.html HTTP/1.1
INFO: - -[2016/08/31 04:59:50]  Get /index.html HTTP/1.1
INFO: - -[2016/08/31 04:59:50]  Get /index.html HTTP/1.1
INFO: - -[2016/08/31 04:59:50]  Get /index.html HTTP/1.1
INFO: - -[2016/08/31 04:59:50]  Get /index.html HTTP/1.1
INFO: - -[2016/08/31 04:59:50]  Get /index.html HTTP/1.1
INFO: - -[2016/08/31 04:59:50]  Get /index.html HTTP/1.1
INFO: - -[2016/08/31 04:59:50]  Get /index.html HTTP/1.1
INFO: - -[2016/08/31 04:59:50]  Get /index.html HTTP/1.1
INFO: - -[2016/08/31 04:59:50]  Get /index.html HTTP/1.1
INFO: - -[2016/08/31 04:59:50]  Get /index.html HTTP/1.1
INFO: - -[2016/08/31 04:59:50]  Get /index.html HTTP/1.1
INFO: - -[2016/08/31 04:59:50]  Get /index.html HTTP/1.1
INFO: - -[2016/08/31 04:59:50]  Get /index.html HTTP/1.1
INFO: - -[2016/08/31 04:59:50]  Get /index.html HTTP/1.1
INFO: - -[2016/08/31 04:59:50]  Get /index.html HTTP/1.1
INFO: - -[2016/08/31 04:59:50]  Get /index.html HTTP/1.1
INFO: - -[2016/08/31 04:59:50]  Get /index.html HTTP/1.1
INFO: - -[2016/08/31 04:59:50]  Get /index.html HTTP/1.1
INFO: - -[2016/08/31 04:59:50]  Get /index.html HTTP/1.1
INFO: - -[2016/08/31 04:59:50]  Get /index.html HTTP/1.1
INFO: - -[2016/08/31 04:59:50]  Get /index.html HTTP/1.1
INFO: - -[2016/08/31 04:59:50]  Get /index.html HTTP/1.1
INFO: - -[2016/08/31 04:59:50]  Get /index.html HTTP/1.1
INFO: - -[2016/08/31 04:59:50]  Get /index.html HTTP/1.1
INFO: - -[2016/08/31 04:59:50]  Get /index.html HTTP/1.1
INFO: - -[2016/08/31 04:59:50]  Get /index.html HTTP/1.1
INFO: - -[2016/08/31 04:59:50]  Get /index.html HTTP/1.1
INFO: - -[2016/08/31 04:59:50]  Get /index.html HTTP/1.1
INFO: - -[2016/08/31 04:59:50]  Get /index.html HTTP/1.1
INFO: - -[2016/08/31 04:59:50]  Get /index.html HTTP/1.1
INFO: - -[2016/08/31 04:59:50]  Get /index.html HTTP/1.1
INFO: - -[2016/08/31 04:59:50]  Get /index.html HTTP/1.1
INFO: - -[2016/08/31 04:59:50]  Get /index.html HTTP/1.1
INFO: - -[2016/08/31 04:59:50]  Get /index.html HTTP/1.1
INFO: - -[2016/08/31 04:59:50]  Get /index.html HTTP/1.1
INFO: - -[2016/08/31 04:59:50]  Get /index.html HTTP/1.1
INFO: - -[2016/08/31 04:59:50]  Get /index.html HTTP/1.1
INFO: - -[2016/08/31 04:59:50]  Get /index.html HTTP/1.1
INFO: - -[2016/08/31 04:59:50]  Get /index.html HTTP/1.1
INFO: - -[2016/08/31 04:59:50]  Get /index.html HTTP/1.1
INFO: - -[2016/08/31 04:59:50]  Get /index.html HTTP/1.1
INFO: - -[2016/08/31 04:59:50]  Get /index.html HTTP/1.1
INFO: - -[2016/08/31 04:59:50]  Get /index.html HTTP/1.1
INFO: - -[2016/08/31 04:59:50]  Get /index.html HTTP/1.1
INFO: - -[2016/08/31 04:59:50]  Get /index.html HTTP/1.1
INFO: - -[2016/08/31 04:59:50]  Get /index.html HTTP/1.1
INFO: - -[2016/08/31 04:59:50]  Get /index.html HTTP/1.1
INFO: - -[2016/08/31 04:59:50]  Get /index.html HTTP/1.1
INFO: - -[2016/08/31 04:59:50]  Get /index.html HTTP/1.1
INFO: - -[2016/08/31 04:59:50]  Get /index.html HTTP/1.1
INFO: - -[2016/08/31 04:59:50]  Get /index.html HTTP/1.1
INFO: - -[2016/08/31 04:59:50]  Get /index.html HTTP/1.1
INFO: - -[2016/08/31 04:59:50]  Get /index.html HTTP/1.1
INFO: - -[2016/08/31 04:59:50]  Get /index.html HTTP/1.1
INFO: - -[2016/08/31 04:59:50]  Get /index.html HTTP/1.1
INFO: - -[2016/08/31 04:59:50]  Get /index.html HTTP/1.1
INFO: - -[2016/08/31 04:59:50]  Get /index.html HTTP/1.1
INFO: - -[2016/08/31 04:59:50]  Get /index.html HTTP/1.1
INFO: - -[2016/08/31 04:59:50]  Get /index.html HTTP/1.1
INFO: - -[2016/08/31 04:59:50]  Get /index.html HTTP/1.1
INFO: - -[2016/08/31 04:59:50]  Get /index.html HTTP/1.1
INFO: - -[2016/08/31 04:59:50]  Get /index.html HTTP/1.1
INFO: - -[2016/08/31 04:59:50]  Get /index.html HTTP/1.1
INFO: - -[2016/08/31 04:59:50]  Get /index.html HTTP/1.1
INFO: - -[2016/08/31 04:59:50]  Get /index.html HTTP/1.1
INFO: - -[2016/08/31 04:59:50]  Get /index.html HTTP/1.1
INFO: - -[2016/08/31 04:59:50]  Get /index.html HTTP/1.1
INFO: - -[2016/08/31 04:59:50]  Get /index.html HTTP/1.1
INFO: - -[2016/08/31 04:59:50]  Get /index.html HTTP/1.1
INFO: - -[2016/08/31 04:59:50]  Get /index.html HTTP/1.1
INFO: - -[2016/08/31 04:59:50]  Get /index.html HTTP/1.1
INFO: - -[2016/08/31 04:59:50]  Get /index.html HTTP/1.1
INFO: - -[2016/08/31 04:59:50]  Get /index.html HTTP/1.1
INFO: - -[2016/08/31 04:59:50]  Get /index.html HTTP/1.1
INFO: - -[2016/08/31 04:59:50]  Get /index.html HTTP/1.1
INFO: - -[2016/08/31 04:59:50]  Get /index.html HTTP/1.1
INFO: - -[2016/08/31 04:59:50]  Get /index.html HTTP/1.1
INFO: - -[2016/08/31 04:59:50]  Get /index.html HTTP/1.1
INFO: - -[2016/08/31 04:59:50]  Get /index.html HTTP/1.1
INFO: - -[2016/08/31 04:59:50]  Get /index.html HTTP/1.1
INFO: - -[2016/08/31 04:59:50]  Get /index.html HTTP/1.1
INFO: - -[2016/08/31 04:59:50]  Get /index.html HTTP/1.1
INFO: - -[2016/08/31 04:59:50]  Get /index.html HTTP/1.1
INFO: - -[2016/08/31 04:59:50]  Get /index.html HTTP/1.1
INFO: - -[2016/08/31 04:59:50]  Get /index.html HTTP/1.1
INFO: - -[2016/08/31 04:59:50]  Get /index.html HTTP/1.1
INFO: - -[2016/08/31 04:59:50]  Get /index.html HTTP/1.1
INFO: - -[2016/08/31 04:59:50]  Get /index.html HTTP/1.1
INFO: - -[2016/08/31 04:59:50]  Get /index.html HTTP/1.1
INFO: - -[2016/08/31 04:59:50]  Get /index.html HTTP/1.1
INFO: - -[2016/08/31 04:59:50]  Get /index.html HTTP/1.1
INFO: - -[2016/08/31 04:59:50]  Get /index.html HTTP/1.1
INFO: - -[2016/08/31 04:59:50]  Get /index.html HTTP/1.1
INFO: - -[2016/08/31 04:59:50]  Get /index.html HTTP/1.1
INFO: - -[2016/08/31 04:59:50]  Get /index.html HTTP/1.1
INFO: - -[2016/08/31 04:59:50]  Get /index.html HTTP/1.1
INFO: - -[2016/08/31 04:59:50]  Get /index.html HTTP/1.1
INFO: - -[2016/08/31 04:59:50]  Get /index.html HTTP/1.1
INFO: - -[2016/08/31 04:59:50]  Get /index.html HTTP/1.1
INFO: - -[2016/08/31 04:59:50]  Get /index.html HTTP/1.1
INFO: - -[2016/08/31 04:59:50]  Get /index.html HTTP/1.1
INFO: - -[2016/08/31 04:59:50]  Get /index.html HTTP/1.1
INFO: - -[2016/08/31 04:59:50]  Get /index.html HTTP/1.1
INFO: - -[2016/08/31 04:59:50]  Get /index.html HTTP/1.1
INFO: - -[2016/08/31 04:59:50]  Get /index.html HTTP/1.1
INFO: - -[2016/08/31 04:59:50]  Get /index.html HTTP/1.1
INFO: - -[2016/08/31 04:59:50]  Get /index.html HTTP/1.1
INFO: - -[2016/08/31 04:59:50]  Get /index.html HTTP/1.1
INFO: - -[2016/08/31 04:59:50]  Get /index.html HTTP/1.1
INFO: - -[2016/08/31 04:59:50]  Get /index.html HTTP/1.1
INFO: - -[2016/08/31 04:59:50]  Get /index.html HTTP/1.1
INFO: - -[2016/08/31 04:59:50]  Get /index.html HTTP/1.1
INFO: - -[2016/08/31 04:59:50]  Get /index.html HTTP/1.1
INFO: - -[2016/08/31 04:59:50]  Get /index.html HTTP/1.1
INFO: - -[2016/08/31 04:59:50]  Get /index.html HTTP/1.1
INFO: - -[2016/08/31 04:59:50]  Get /index.html HTTP/1.1
INFO: - -[2016/08/31 04:59:50]  Get /index.html HTTP/1.1
INFO: - -[2016/08/31 04:59:50]  Get /index.html HTTP/1.1
INFO: - -[2016/08/31 04:59:50]  Get /index.html HTTP/1.1
INFO: - -[2016/08/31 04:59:50]  Get /index.html HTTP/1.1
INFO: - -[2016/08/31 04:59:50]  Get /index.html HTTP/1.1
INFO: - -[2016/08/31 04:59:50]  Get /index.html HTTP/1.1
INFO: - -[2016/08/31 04:59:50]  Get /index.html HTTP/1.1
INFO: - -[2016/08/31 04:59:50]  Get /index.html HTTP/1.1
INFO: - -[2016/08/31 04:59:50]  Get /index.html HTTP/1.1
INFO: - -[2016/08/31 04:59:50]  Get /index.html HTTP/1.1
INFO: - -[2016/08/31 04:59:50]  Get /index.html HTTP/1.1
INFO: - -[2016/08/31 04:59:50]  Get /index.html HTTP/1.1
INFO: - -[2016/08/31 04:59:50]  Get /index.html HTTP/1.1
INFO: - -[2016/08/31 04:59:50]  Get /index.html HTTP/1.1
INFO: - -[2016/08/31 04:59:50]  Get /index.html HTTP/1.1
INFO: - -[2016/08/31 04:59:50]  Get /index.html HTTP/1.1
INFO: - -[2016/08/31 04:59:50]  Get /index.html HTTP/1.1
INFO: - -[2016/08/31 04:59:50]  Get /index.html HTTP/1.1
INFO: - -[2016/08/31 04:59:50]  Get /index.html HTTP/1.1
INFO: - -[2016/08/31 04:59:50]  Get /index.html HTTP/1.1
INFO: - -[2016/08/31 04:59:50]  Get /index.html HTTP/1.1
INFO: - -[2016/08/31 04:59:51]  Get /index.html HTTP/1.1
INFO: - -[2016/08/31 04:59:51]  Get /index.html HTTP/1.1
INFO: - -[2016/08/31 04:59:51]  Get /index.html HTTP/1.1
INFO: - -[2016/08/31 04:59:51]  Get /index.html HTTP/1.1
INFO: - -[2016/08/31 04:59:51]  Get /index.html HTTP/1.1
INFO: - -[2016/08/31 04:59:51]  Get /index.html HTTP/1.1
INFO: - -[2016/08/31 04:59:51]  Get /index.html HTTP/1.1
INFO: - -[2016/08/31 04:59:51]  Get /index.html HTTP/1.1
INFO: - -[2016/08/31 04:59:51]  Get /index.html HTTP/1.1
INFO: - -[2016/08/31 04:59:51]  Get /index.html HTTP/1.1
INFO: - -[2016/08/31 04:59:51]  Get /index.html HTTP/1.1
INFO: - -[2016/08/31 04:59:51]  Get /index.html HTTP/1.1
INFO: - -[2016/08/31 04:59:51]  Get /index.html HTTP/1.1
INFO: - -[2016/08/31 04:59:51]  Get /index.html HTTP/1.1
INFO: - -[2016/08/31 04:59:51]  Get /index.html HTTP/1.1
INFO: - -[2016/08/31 04:59:51]  Get /index.html HTTP/1.1
INFO: - -[2016/08/31 04:59:51]  Get /index.html HTTP/1.1
INFO: - -[2016/08/31 04:59:51]  Get /index.html HTTP/1.1
INFO: - -[2016/08/31 04:59:51]  Get /index.html HTTP/1.1
INFO: - -[2016/08/31 04:59:51]  Get /index.html HTTP/1.1
INFO: - -[2016/08/31 04:59:51]  Get /index.html HTTP/1.1
INFO: - -[2016/08/31 04:59:51]  Get /index.html HTTP/1.1
INFO: - -[2016/08/31 04:59:51]  Get /index.html HTTP/1.1
INFO: - -[2016/08/31 04:59:51]  Get /index.html HTTP/1.1
INFO: - -[2016/08/31 04:59:51]  Get /index.html HTTP/1.1
INFO: - -[2016/08/31 04:59:51]  Get /index.html HTTP/1.1
INFO: - -[2016/08/31 04:59:51]  Get /index.html HTTP/1.1
INFO: - -[2016/08/31 04:59:51]  Get /index.html HTTP/1.1
INFO: - -[2016/08/31 04:59:51]  Get /index.html HTTP/1.1
INFO: - -[2016/08/31 04:59:51]  Get /index.html HTTP/1.1
INFO: - -[2016/08/31 04:59:51]  Get /index.html HTTP/1.1
INFO: - -[2016/08/31 04:59:51]  Get /index.html HTTP/1.1
INFO: - -[2016/08/31 04:59:51]  Get /index.html HTTP/1.1
INFO: - -[2016/08/31 04:59:51]  Get /index.html HTTP/1.1
INFO: - -[2016/08/31 04:59:51]  Get /index.html HTTP/1.1
INFO: - -[2016/08/31 04:59:51]  Get /index.html HTTP/1.1
INFO: - -[2016/08/31 04:59:51]  Get /index.html HTTP/1.1
INFO: - -[2016/08/31 04:59:51]  Get /index.html HTTP/1.1
INFO: - -[2016/08/31 04:59:51]  Get /index.html HTTP/1.1
INFO: - -[2016/08/31 04:59:51]  Get /index.html HTTP/1.1
INFO: - -[2016/08/31 04:59:51]  Get /index.html HTTP/1.1
INFO: - -[2016/08/31 04:59:51]  Get /index.html HTTP/1.1
INFO: - -[2016/08/31 04:59:51]  Get /index.html HTTP/1.1
INFO: - -[2016/08/31 04:59:51]  Get /index.html HTTP/1.1
INFO: - -[2016/08/31 04:59:51]  Get /index.html HTTP/1.1
INFO: - -[2016/08/31 04:59:51]  Get /index.html HTTP/1.1
INFO: - -[2016/08/31 04:59:51]  Get /index.html HTTP/1.1
INFO: - -[2016/08/31 04:59:51]  Get /index.html HTTP/1.1
INFO: - -[2016/08/31 04:59:51]  Get /index.html HTTP/1.1
INFO: - -[2016/08/31 04:59:51]  Get /index.html HTTP/1.1
INFO: - -[2016/08/31 04:59:51]  Get /index.html HTTP/1.1
INFO: - -[2016/08/31 04:59:51]  Get /index.html HTTP/1.1
INFO: - -[2016/08/31 04:59:51]  Get /index.html HTTP/1.1
INFO: - -[2016/08/31 04:59:51]  Get /index.html HTTP/1.1
INFO: - -[2016/08/31 04:59:51]  Get /index.html HTTP/1.1
INFO: - -[2016/08/31 04:59:51]  Get /index.html HTTP/1.1
INFO: - -[2016/08/31 04:59:51]  Get /index.html HTTP/1.1
INFO: - -[2016/08/31 04:59:51]  Get /index.html HTTP/1.1
INFO: - -[2016/08/31 04:59:51]  Get /index.html HTTP/1.1
INFO: - -[2016/08/31 04:59:51]  Get /index.html HTTP/1.1
INFO: - -[2016/08/31 04:59:51]  Get /index.html HTTP/1.1
INFO: - -[2016/08/31 04:59:51]  Get /index.html HTTP/1.1
INFO: - -[2016/08/31 04:59:51]  Get /index.html HTTP/1.1
INFO: - -[2016/08/31 04:59:51]  Get /index.html HTTP/1.1
INFO: - -[2016/08/31 04:59:51]  Get /index.html HTTP/1.1
INFO: - -[2016/08/31 04:59:51]  Get /index.html HTTP/1.1
INFO: - -[2016/08/31 04:59:51]  Get /index.html HTTP/1.1
INFO: - -[2016/08/31 04:59:51]  Get /index.html HTTP/1.1
INFO: - -[2016/08/31 04:59:51]  Get /index.html HTTP/1.1
INFO: - -[2016/08/31 04:59:51]  Get /index.html HTTP/1.1
INFO: - -[2016/08/31 04:59:51]  Get /index.html HTTP/1.1
INFO: - -[2016/08/31 04:59:51]  Get /index.html HTTP/1.1
INFO: - -[2016/08/31 04:59:51]  Get /index.html HTTP/1.1
INFO: - -[2016/08/31 04:59:51]  Get /index.html HTTP/1.1
INFO: - -[2016/08/31 04:59:51]  Get /index.html HTTP/1.1
INFO: - -[2016/08/31 04:59:51]  Get /index.html HTTP/1.1
INFO: - -[2016/08/31 04:59:51]  Get /index.html HTTP/1.1
INFO: - -[2016/08/31 04:59:51]  Get /index.html HTTP/1.1
INFO: - -[2016/08/31 04:59:51]  Get /index.html HTTP/1.1
INFO: - -[2016/08/31 04:59:51]  Get /index.html HTTP/1.1
INFO: - -[2016/08/31 04:59:51]  Get /index.html HTTP/1.1
INFO: - -[2016/08/31 04:59:51]  Get /index.html HTTP/1.1
INFO: - -[2016/08/31 04:59:51]  Get /index.html HTTP/1.1
INFO: - -[2016/08/31 04:59:51]  Get /index.html HTTP/1.1
INFO: - -[2016/08/31 04:59:51]  Get /index.html HTTP/1.1
INFO: - -[2016/08/31 04:59:51]  Get /index.html HTTP/1.1
INFO: - -[2016/08/31 04:59:51]  Get /index.html HTTP/1.1
INFO: - -[2016/08/31 04:59:51]  Get /index.html HTTP/1.1
INFO: - -[2016/08/31 04:59:51]  Get /index.html HTTP/1.1
INFO: - -[2016/08/31 04:59:51]  Get /index.html HTTP/1.1
INFO: - -[2016/08/31 04:59:51]  Get /index.html HTTP/1.1
INFO: - -[2016/08/31 04:59:51]  Get /index.html HTTP/1.1
INFO: - -[2016/08/31 04:59:51]  Get /index.html HTTP/1.1
INFO: - -[2016/08/31 04:59:51]  Get /index.html HTTP/1.1
INFO: - -[2016/08/31 04:59:51]  Get /index.html HTTP/1.1
INFO: - -[2016/08/31 04:59:51]  Get /index.html HTTP/1.1
INFO: - -[2016/08/31 04:59:51]  Get /index.html HTTP/1.1
INFO: - -[2016/08/31 04:59:51]  Get /index.html HTTP/1.1
INFO: - -[2016/08/31 04:59:51]  Get /index.html HTTP/1.1
INFO: - -[2016/08/31 04:59:51]  Get /index.html HTTP/1.1
INFO: - -[2016/08/31 04:59:51]  Get /index.html HTTP/1.1
INFO: - -[2016/08/31 04:59:51]  Get /index.html HTTP/1.1
INFO: - -[2016/08/31 04:59:51]  Get /index.html HTTP/1.1
INFO: - -[2016/08/31 04:59:51]  Get /index.html HTTP/1.1
INFO: - -[2016/08/31 04:59:51]  Get /index.html HTTP/1.1
INFO: - -[2016/08/31 04:59:51]  Get /index.html HTTP/1.1
INFO: - -[2016/08/31 04:59:51]  Get /index.html HTTP/1.1
INFO: - -[2016/08/31 04:59:51]  Get /index.html HTTP/1.1
INFO: - -[2016/08/31 04:59:51]  Get /index.html HTTP/1.1
INFO: - -[2016/08/31 04:59:51]  Get /index.html HTTP/1.1
INFO: - -[2016/08/31 04:59:51]  Get /index.html HTTP/1.1
INFO: - -[2016/08/31 04:59:51]  Get /index.html HTTP/1.1
INFO: - -[2016/08/31 04:59:51]  Get /index.html HTTP/1.1
INFO: - -[2016/08/31 04:59:51]  Get /index.html HTTP/1.1
INFO: - -[2016/08/31 04:59:51]  Get /index.html HTTP/1.1
INFO: - -[2016/08/31 04:59:51]  Get /index.html HTTP/1.1
INFO: - -[2016/08/31 04:59:51]  Get /index.html HTTP/1.1
INFO: - -[2016/08/31 04:59:51]  Get /index.html HTTP/1.1
INFO: - -[2016/08/31 04:59:51]  Get /index.html HTTP/1.1
INFO: - -[2016/08/31 04:59:51]  Get /index.html HTTP/1.1
INFO: - -[2016/08/31 04:59:51]  Get /index.html HTTP/1.1
INFO: - -[2016/08/31 04:59:51]  Get /index.html HTTP/1.1
INFO: - -[2016/08/31 04:59:51]  Get /index.html HTTP/1.1
INFO: - -[2016/08/31 04:59:51]  Get /index.html HTTP/1.1
INFO: - -[2016/08/31 04:59:51]  Get /index.html HTTP/1.1
INFO: - -[2016/08/31 04:59:51]  Get /index.html HTTP/1.1
INFO: - -[2016/08/31 04:59:51]  Get /index.html HTTP/1.1
INFO: - -[2016/08/31 04:59:51]  Get /index.html HTTP/1.1
INFO: - -[2016/08/31 04:59:51]  Get /index.html HTTP/1.1
INFO: - -[2016/08/31 04:59:51]  Get /index.html HTTP/1.1
INFO: - -[2016/08/31 04:59:51]  Get /index.html HTTP/1.1
INFO: - -[2016/08/31 04:59:51]  Get /index.html HTTP/1.1
INFO: - -[2016/08/31 04:59:51]  Get /index.html HTTP/1.1
INFO: - -[2016/08/31 04:59:51]  Get /index.html HTTP/1.1
INFO: - -[2016/08/31 04:59:51]  Get /index.html HTTP/1.1
INFO: - -[2016/08/31 04:59:51]  Get /index.html HTTP/1.1
INFO: - -[2016/08/31 04:59:51]  Get /index.html HTTP/1.1
INFO: - -[2016/08/31 04:59:51]  Get /index.html HTTP/1.1
INFO: - -[2016/08/31 04:59:51]  Get /index.html HTTP/1.1
INFO: - -[2016/08/31 04:59:51]  Get /index.html HTTP/1.1
INFO: - -[2016/08/31 04:59:51]  Get /index.html HTTP/1.1
INFO: - -[2016/08/31 04:59:51]  Get /index.html HTTP/1.1
INFO: - -[2016/08/31 04:59:51]  Get /index.html HTTP/1.1
INFO: - -[2016/08/31 04:59:51]  Get /index.html HTTP/1.1
INFO: - -[2016/08/31 04:59:51]  Get /index.html HTTP/1.1
INFO: - -[2016/08/31 04:59:51]  Get /index.html HTTP/1.1
INFO: - -[2016/08/31 04:59:51]  Get /index.html HTTP/1.1
INFO: - -[2016/08/31 04:59:51]  Get /index.html HTTP/1.1
INFO: - -[2016/08/31 04:59:51]  Get /index.html HTTP/1.1
INFO: - -[2016/08/31 04:59:51]  Get /index.html HTTP/1.1
INFO: - -[2016/08/31 04:59:51]  Get /index.html HTTP/1.1
INFO: - -[2016/08/31 04:59:51]  Get /index.html HTTP/1.1
INFO: - -[2016/08/31 04:59:51]  Get /index.html HTTP/1.1
INFO: - -[2016/08/31 04:59:51]  Get /index.html HTTP/1.1
INFO: - -[2016/08/31 04:59:51]  Get /index.html HTTP/1.1
INFO: - -[2016/08/31 04:59:51]  Get /index.html HTTP/1.1
INFO: - -[2016/08/31 04:59:51]  Get /index.html HTTP/1.1
INFO: - -[2016/08/31 04:59:51]  Get /index.html HTTP/1.1
INFO: - -[2016/08/31 04:59:51]  Get /index.html HTTP/1.1
INFO: - -[2016/08/31 04:59:51]  Get /index.html HTTP/1.1
INFO: - -[2016/08/31 04:59:51]  Get /index.html HTTP/1.1
INFO: - -[2016/08/31 04:59:51]  Get /index.html HTTP/1.1
INFO: - -[2016/08/31 04:59:51]  Get /index.html HTTP/1.1
INFO: - -[2016/08/31 04:59:51]  Get /index.html HTTP/1.1
INFO: - -[2016/08/31 04:59:51]  Get /index.html HTTP/1.1
INFO: - -[2016/08/31 04:59:51]  Get /index.html HTTP/1.1
INFO: - -[2016/08/31 04:59:51]  Get /index.html HTTP/1.1
INFO: - -[2016/08/31 04:59:51]  Get /index.html HTTP/1.1
INFO: - -[2016/08/31 04:59:51]  Get /index.html HTTP/1.1
INFO: - -[2016/08/31 04:59:51]  Get /index.html HTTP/1.1
INFO: - -[2016/08/31 04:59:51]  Get /index.html HTTP/1.1
INFO: - -[2016/08/31 04:59:51]  Get /index.html HTTP/1.1
INFO: - -[2016/08/31 04:59:51]  Get /index.html HTTP/1.1
INFO: - -[2016/08/31 04:59:51]  Get /index.html HTTP/1.1
INFO: - -[2016/08/31 04:59:51]  Get /index.html HTTP/1.1
INFO: - -[2016/08/31 04:59:51]  Get /index.html HTTP/1.1
INFO: - -[2016/08/31 04:59:51]  Get /index.html HTTP/1.1
INFO: - -[2016/08/31 04:59:51]  Get /index.html HTTP/1.1
INFO: - -[2016/08/31 04:59:51]  Get /index.html HTTP/1.1
INFO: - -[2016/08/31 04:59:51]  Get /index.html HTTP/1.1
INFO: - -[2016/08/31 04:59:51]  Get /index.html HTTP/1.1
INFO: - -[2016/08/31 04:59:51]  Get /index.html HTTP/1.1
INFO: - -[2016/08/31 04:59:51]  Get /index.html HTTP/1.1
INFO: - -[2016/08/31 04:59:51]  Get /index.html HTTP/1.1
INFO: - -[2016/08/31 04:59:51]  Get /index.html HTTP/1.1
INFO: - -[2016/08/31 04:59:51]  Get /index.html HTTP/1.1
INFO: - -[2016/08/31 04:59:51]  Get /index.html HTTP/1.1
INFO: - -[2016/08/31 04:59:51]  Get /index.html HTTP/1.1
INFO: - -[2016/08/31 04:59:51]  Get /index.html HTTP/1.1
INFO: - -[2016/08/31 04:59:51]  Get /index.html HTTP/1.1
INFO: - -[2016/08/31 04:59:51]  Get /index.html HTTP/1.1
INFO: - -[2016/08/31 04:59:51]  Get /index.html HTTP/1.1
INFO: - -[2016/08/31 04:59:51]  Get /index.html HTTP/1.1
INFO: - -[2016/08/31 04:59:51]  Get /index.html HTTP/1.1
INFO: - -[2016/08/31 04:59:51]  Get /index.html HTTP/1.1
INFO: - -[2016/08/31 04:59:51]  Get /index.html HTTP/1.1
INFO: - -[2016/08/31 04:59:51]  Get /index.html HTTP/1.1
INFO: - -[2016/08/31 04:59:51]  Get /index.html HTTP/1.1
INFO: - -[2016/08/31 04:59:51]  Get /index.html HTTP/1.1
INFO: - -[2016/08/31 04:59:51]  Get /index.html HTTP/1.1
INFO: - -[2016/08/31 04:59:51]  Get /index.html HTTP/1.1
INFO: - -[2016/08/31 04:59:51]  Get /index.html HTTP/1.1
INFO: - -[2016/08/31 04:59:51]  Get /index.html HTTP/1.1
INFO: - -[2016/08/31 04:59:51]  Get /index.html HTTP/1.1
INFO: - -[2016/08/31 04:59:51]  Get /index.html HTTP/1.1
INFO: - -[2016/08/31 04:59:51]  Get /index.html HTTP/1.1
INFO: - -[2016/08/31 04:59:51]  Get /index.html HTTP/1.1
INFO: - -[2016/08/31 04:59:51]  Get /index.html HTTP/1.1
INFO: - -[2016/08/31 04:59:51]  Get /index.html HTTP/1.1
INFO: - -[2016/08/31 04:59:51]  Get /index.html HTTP/1.1
INFO: - -[2016/08/31 04:59:51]  Get /index.html HTTP/1.1
INFO: - -[2016/08/31 04:59:51]  Get /index.html HTTP/1.1
INFO: - -[2016/08/31 04:59:51]  Get /index.html HTTP/1.1
INFO: - -[2016/08/31 04:59:51]  Get /index.html HTTP/1.1
INFO: - -[2016/08/31 04:59:51]  Get /index.html HTTP/1.1
INFO: - -[2016/08/31 04:59:51]  Get /index.html HTTP/1.1
INFO: - -[2016/08/31 04:59:51]  Get /index.html HTTP/1.1
INFO: - -[2016/08/31 04:59:51]  Get /index.html HTTP/1.1
INFO: - -[2016/08/31 04:59:51]  Get /index.html HTTP/1.1
INFO: - -[2016/08/31 04:59:51]  Get /index.html HTTP/1.1
INFO: - -[2016/08/31 04:59:51]  Get /index.html HTTP/1.1
INFO: - -[2016/08/31 04:59:51]  Get /index.html HTTP/1.1
INFO: - -[2016/08/31 04:59:51]  Get /index.html HTTP/1.1
INFO: - -[2016/08/31 04:59:51]  Get /index.html HTTP/1.1
INFO: - -[2016/08/31 04:59:51]  Get /index.html HTTP/1.1
INFO: - -[2016/08/31 04:59:51]  Get /index.html HTTP/1.1
INFO: - -[2016/08/31 04:59:51]  Get /index.html HTTP/1.1
INFO: - -[2016/08/31 04:59:51]  Get /index.html HTTP/1.1
INFO: - -[2016/08/31 04:59:51]  Get /index.html HTTP/1.1
INFO: - -[2016/08/31 04:59:52]  Get /index.html HTTP/1.1
INFO: - -[2016/08/31 04:59:52]  Get /index.html HTTP/1.1
INFO: - -[2016/08/31 04:59:52]  Get /index.html HTTP/1.1
INFO: - -[2016/08/31 04:59:52]  Get /index.html HTTP/1.1
INFO: - -[2016/08/31 04:59:52]  Get /index.html HTTP/1.1
INFO: - -[2016/08/31 04:59:52]  Get /index.html HTTP/1.1
INFO: - -[2016/08/31 04:59:52]  Get /index.html HTTP/1.1
INFO: - -[2016/08/31 04:59:52]  Get /index.html HTTP/1.1
INFO: - -[2016/08/31 04:59:52]  Get /index.html HTTP/1.1
INFO: - -[2016/08/31 04:59:52]  Get /index.html HTTP/1.1
INFO: - -[2016/08/31 04:59:52]  Get /index.html HTTP/1.1
INFO: - -[2016/08/31 04:59:52]  Get /index.html HTTP/1.1
INFO: - -[2016/08/31 04:59:52]  Get /index.html HTTP/1.1
INFO: - -[2016/08/31 04:59:52]  Get /index.html HTTP/1.1
INFO: - -[2016/08/31 04:59:52]  Get /index.html HTTP/1.1
INFO: - -[2016/08/31 04:59:52]  Get /index.html HTTP/1.1
INFO: - -[2016/08/31 04:59:52]  Get /index.html HTTP/1.1
INFO: - -[2016/08/31 04:59:52]  Get /index.html HTTP/1.1
INFO: - -[2016/08/31 04:59:52]  Get /index.html HTTP/1.1
INFO: - -[2016/08/31 04:59:52]  Get /index.html HTTP/1.1
INFO: - -[2016/08/31 04:59:52]  Get /index.html HTTP/1.1
INFO: - -[2016/08/31 04:59:52]  Get /index.html HTTP/1.1
INFO: - -[2016/08/31 04:59:52]  Get /index.html HTTP/1.1
INFO: - -[2016/08/31 04:59:52]  Get /index.html HTTP/1.1
INFO: - -[2016/08/31 04:59:52]  Get /index.html HTTP/1.1
INFO: - -[2016/08/31 04:59:52]  Get /index.html HTTP/1.1
INFO: - -[2016/08/31 04:59:52]  Get /index.html HTTP/1.1
INFO: - -[2016/08/31 04:59:52]  Get /index.html HTTP/1.1
INFO: - -[2016/08/31 04:59:52]  Get /index.html HTTP/1.1
INFO: - -[2016/08/31 04:59:52]  Get /index.html HTTP/1.1
INFO: - -[2016/08/31 04:59:52]  Get /index.html HTTP/1.1
INFO: - -[2016/08/31 04:59:52]  Get /index.html HTTP/1.1
INFO: - -[2016/08/31 04:59:52]  Get /index.html HTTP/1.1
INFO: - -[2016/08/31 04:59:52]  Get /index.html HTTP/1.1
INFO: - -[2016/08/31 04:59:52]  Get /index.html HTTP/1.1
INFO: - -[2016/08/31 04:59:52]  Get /index.html HTTP/1.1
INFO: - -[2016/08/31 04:59:52]  Get /index.html HTTP/1.1
INFO: - -[2016/08/31 04:59:52]  Get /index.html HTTP/1.1
INFO: - -[2016/08/31 04:59:52]  Get /index.html HTTP/1.1
INFO: - -[2016/08/31 04:59:52]  Get /index.html HTTP/1.1
INFO: - -[2016/08/31 04:59:52]  Get /index.html HTTP/1.1
INFO: - -[2016/08/31 04:59:52]  Get /index.html HTTP/1.1
INFO: - -[2016/08/31 04:59:52]  Get /index.html HTTP/1.1
INFO: - -[2016/08/31 04:59:52]  Get /index.html HTTP/1.1
INFO: - -[2016/08/31 04:59:52]  Get /index.html HTTP/1.1
INFO: - -[2016/08/31 04:59:52]  Get /index.html HTTP/1.1
INFO: - -[2016/08/31 04:59:52]  Get /index.html HTTP/1.1
INFO: - -[2016/08/31 04:59:52]  Get /index.html HTTP/1.1
INFO: - -[2016/08/31 04:59:52]  Get /index.html HTTP/1.1
INFO: - -[2016/08/31 04:59:52]  Get /index.html HTTP/1.1
INFO: - -[2016/08/31 04:59:52]  Get /index.html HTTP/1.1
INFO: - -[2016/08/31 04:59:52]  Get /index.html HTTP/1.1
INFO: - -[2016/08/31 04:59:52]  Get /index.html HTTP/1.1
INFO: - -[2016/08/31 04:59:52]  Get /index.html HTTP/1.1
INFO: - -[2016/08/31 04:59:52]  Get /index.html HTTP/1.1
INFO: - -[2016/08/31 04:59:52]  Get /index.html HTTP/1.1
INFO: - -[2016/08/31 04:59:52]  Get /index.html HTTP/1.1
INFO: - -[2016/08/31 04:59:52]  Get /index.html HTTP/1.1
INFO: - -[2016/08/31 04:59:52]  Get /index.html HTTP/1.1
INFO: - -[2016/08/31 04:59:52]  Get /index.html HTTP/1.1
INFO: - -[2016/08/31 04:59:52]  Get /index.html HTTP/1.1
INFO: - -[2016/08/31 04:59:52]  Get /index.html HTTP/1.1
INFO: - -[2016/08/31 04:59:52]  Get /index.html HTTP/1.1
INFO: - -[2016/08/31 04:59:52]  Get /index.html HTTP/1.1
INFO: - -[2016/08/31 04:59:52]  Get /index.html HTTP/1.1
INFO: - -[2016/08/31 04:59:52]  Get /index.html HTTP/1.1
INFO: - -[2016/08/31 04:59:52]  Get /index.html HTTP/1.1
INFO: - -[2016/08/31 04:59:52]  Get /index.html HTTP/1.1
INFO: - -[2016/08/31 04:59:52]  Get /index.html HTTP/1.1
INFO: - -[2016/08/31 04:59:52]  Get /index.html HTTP/1.1
INFO: - -[2016/08/31 04:59:52]  Get /index.html HTTP/1.1
INFO: - -[2016/08/31 04:59:52]  Get /index.html HTTP/1.1
INFO: - -[2016/08/31 04:59:52]  Get /index.html HTTP/1.1
INFO: - -[2016/08/31 04:59:52]  Get /index.html HTTP/1.1
INFO: - -[2016/08/31 04:59:52]  Get /index.html HTTP/1.1
INFO: - -[2016/08/31 04:59:52]  Get /index.html HTTP/1.1
INFO: - -[2016/08/31 04:59:52]  Get /index.html HTTP/1.1
INFO: - -[2016/08/31 04:59:52]  Get /index.html HTTP/1.1
INFO: - -[2016/08/31 04:59:52]  Get /index.html HTTP/1.1
INFO: - -[2016/08/31 04:59:52]  Get /index.html HTTP/1.1
INFO: - -[2016/08/31 04:59:52]  Get /index.html HTTP/1.1
INFO: - -[2016/08/31 04:59:52]  Get /index.html HTTP/1.1
INFO: - -[2016/08/31 04:59:52]  Get /index.html HTTP/1.1
INFO: - -[2016/08/31 04:59:52]  Get /index.html HTTP/1.1
INFO: - -[2016/08/31 04:59:52]  Get /index.html HTTP/1.1
INFO: - -[2016/08/31 04:59:52]  Get /index.html HTTP/1.1
INFO: - -[2016/08/31 04:59:52]  Get /index.html HTTP/1.1
INFO: - -[2016/08/31 04:59:52]  Get /index.html HTTP/1.1
INFO: - -[2016/08/31 04:59:52]  Get /index.html HTTP/1.1
INFO: - -[2016/08/31 04:59:52]  Get /index.html HTTP/1.1
INFO: - -[2016/08/31 04:59:52]  Get /index.html HTTP/1.1
INFO: - -[2016/08/31 04:59:52]  Get /index.html HTTP/1.1
INFO: - -[2016/08/31 04:59:52]  Get /index.html HTTP/1.1
INFO: - -[2016/08/31 04:59:52]  Get /index.html HTTP/1.1
INFO: - -[2016/08/31 04:59:52]  Get /index.html HTTP/1.1
INFO: - -[2016/08/31 04:59:52]  Get /index.html HTTP/1.1
INFO: - -[2016/08/31 04:59:52]  Get /index.html HTTP/1.1
INFO: - -[2016/08/31 04:59:52]  Get /index.html HTTP/1.1
INFO: - -[2016/08/31 04:59:52]  Get /index.html HTTP/1.1
INFO: - -[2016/08/31 04:59:52]  Get /index.html HTTP/1.1
INFO: - -[2016/08/31 04:59:52]  Get /index.html HTTP/1.1
INFO: - -[2016/08/31 04:59:52]  Get /index.html HTTP/1.1
INFO: - -[2016/08/31 04:59:52]  Get /index.html HTTP/1.1
INFO: - -[2016/08/31 04:59:52]  Get /index.html HTTP/1.1
INFO: - -[2016/08/31 04:59:52]  Get /index.html HTTP/1.1
INFO: - -[2016/08/31 04:59:52]  Get /index.html HTTP/1.1
INFO: - -[2016/08/31 04:59:52]  Get /index.html HTTP/1.1
INFO: - -[2016/08/31 04:59:52]  Get /index.html HTTP/1.1
INFO: - -[2016/08/31 04:59:52]  Get /index.html HTTP/1.1
INFO: - -[2016/08/31 04:59:52]  Get /index.html HTTP/1.1
INFO: - -[2016/08/31 04:59:52]  Get /index.html HTTP/1.1
INFO: - -[2016/08/31 04:59:52]  Get /index.html HTTP/1.1
INFO: - -[2016/08/31 04:59:52]  Get /index.html HTTP/1.1
INFO: - -[2016/08/31 04:59:52]  Get /index.html HTTP/1.1
INFO: - -[2016/08/31 04:59:52]  Get /index.html HTTP/1.1
INFO: - -[2016/08/31 04:59:52]  Get /index.html HTTP/1.1
INFO: - -[2016/08/31 04:59:52]  Get /index.html HTTP/1.1
INFO: - -[2016/08/31 04:59:52]  Get /index.html HTTP/1.1
INFO: - -[2016/08/31 04:59:52]  Get /index.html HTTP/1.1
INFO: - -[2016/08/31 04:59:52]  Get /index.html HTTP/1.1
INFO: - -[2016/08/31 04:59:52]  Get /index.html HTTP/1.1
INFO: - -[2016/08/31 04:59:52]  Get /index.html HTTP/1.1
INFO: - -[2016/08/31 04:59:52]  Get /index.html HTTP/1.1
INFO: - -[2016/08/31 04:59:52]  Get /index.html HTTP/1.1
INFO: - -[2016/08/31 04:59:52]  Get /index.html HTTP/1.1
INFO: - -[2016/08/31 04:59:52]  Get /index.html HTTP/1.1
INFO: - -[2016/08/31 04:59:52]  Get /index.html HTTP/1.1
INFO: - -[2016/08/31 04:59:52]  Get /index.html HTTP/1.1
INFO: - -[2016/08/31 04:59:52]  Get /index.html HTTP/1.1
INFO: - -[2016/08/31 04:59:52]  Get /index.html HTTP/1.1
INFO: - -[2016/08/31 04:59:52]  Get /index.html HTTP/1.1
INFO: - -[2016/08/31 04:59:52]  Get /index.html HTTP/1.1
INFO: - -[2016/08/31 04:59:52]  Get /index.html HTTP/1.1
INFO: - -[2016/08/31 04:59:52]  Get /index.html HTTP/1.1
INFO: - -[2016/08/31 04:59:52]  Get /index.html HTTP/1.1
INFO: - -[2016/08/31 04:59:52]  Get /index.html HTTP/1.1
INFO: - -[2016/08/31 04:59:52]  Get /index.html HTTP/1.1
INFO: - -[2016/08/31 04:59:52]  Get /index.html HTTP/1.1
INFO: - -[2016/08/31 04:59:52]  Get /index.html HTTP/1.1
INFO: - -[2016/08/31 04:59:52]  Get /index.html HTTP/1.1
INFO: - -[2016/08/31 04:59:52]  Get /index.html HTTP/1.1
INFO: - -[2016/08/31 04:59:52]  Get /index.html HTTP/1.1
INFO: - -[2016/08/31 04:59:52]  Get /index.html HTTP/1.1
INFO: - -[2016/08/31 04:59:52]  Get /index.html HTTP/1.1
INFO: - -[2016/08/31 04:59:52]  Get /index.html HTTP/1.1
INFO: - -[2016/08/31 04:59:52]  Get /index.html HTTP/1.1
INFO: - -[2016/08/31 04:59:52]  Get /index.html HTTP/1.1
INFO: - -[2016/08/31 04:59:52]  Get /index.html HTTP/1.1
INFO: - -[2016/08/31 04:59:52]  Get /index.html HTTP/1.1
INFO: - -[2016/08/31 04:59:52]  Get /index.html HTTP/1.1
INFO: - -[2016/08/31 04:59:52]  Get /index.html HTTP/1.1
INFO: - -[2016/08/31 04:59:52]  Get /index.html HTTP/1.1
INFO: - -[2016/08/31 04:59:52]  Get /index.html HTTP/1.1
INFO: - -[2016/08/31 04:59:52]  Get /index.html HTTP/1.1
INFO: - -[2016/08/31 04:59:52]  Get /index.html HTTP/1.1
INFO: - -[2016/08/31 04:59:52]  Get /index.html HTTP/1.1
INFO: - -[2016/08/31 04:59:52]  Get /index.html HTTP/1.1
INFO: - -[2016/08/31 04:59:52]  Get /index.html HTTP/1.1
INFO: - -[2016/08/31 04:59:52]  Get /index.html HTTP/1.1
INFO: - -[2016/08/31 04:59:53]  Get /index.html HTTP/1.1
INFO: - -[2016/08/31 04:59:53]  Get /index.html HTTP/1.1
INFO: - -[2016/08/31 04:59:53]  Get /index.html HTTP/1.1
INFO: - -[2016/08/31 04:59:53]  Get /index.html HTTP/1.1
INFO: - -[2016/08/31 04:59:53]  Get /index.html HTTP/1.1
INFO: - -[2016/08/31 04:59:53]  Get /index.html HTTP/1.1
INFO: - -[2016/08/31 04:59:53]  Get /index.html HTTP/1.1
INFO: - -[2016/08/31 04:59:53]  Get /index.html HTTP/1.1
INFO: - -[2016/08/31 04:59:53]  Get /index.html HTTP/1.1
INFO: - -[2016/08/31 04:59:53]  Get /index.html HTTP/1.1
INFO: - -[2016/08/31 04:59:53]  Get /index.html HTTP/1.1
INFO: - -[2016/08/31 04:59:53]  Get /index.html HTTP/1.1
INFO: - -[2016/08/31 04:59:53]  Get /index.html HTTP/1.1
INFO: - -[2016/08/31 04:59:53]  Get /index.html HTTP/1.1
INFO: - -[2016/08/31 04:59:53]  Get /index.html HTTP/1.1
INFO: - -[2016/08/31 04:59:53]  Get /index.html HTTP/1.1
INFO: - -[2016/08/31 04:59:53]  Get /index.html HTTP/1.1
INFO: - -[2016/08/31 04:59:53]  Get /index.html HTTP/1.1
INFO: - -[2016/08/31 04:59:53]  Get /index.html HTTP/1.1
INFO: - -[2016/08/31 04:59:53]  Get /index.html HTTP/1.1
INFO: - -[2016/08/31 04:59:53]  Get /index.html HTTP/1.1
INFO: - -[2016/08/31 04:59:53]  Get /index.html HTTP/1.1
INFO: - -[2016/08/31 04:59:53]  Get /index.html HTTP/1.1
INFO: - -[2016/08/31 04:59:53]  Get /index.html HTTP/1.1
INFO: - -[2016/08/31 04:59:53]  Get /index.html HTTP/1.1
INFO: - -[2016/08/31 04:59:53]  Get /index.html HTTP/1.1
INFO: - -[2016/08/31 04:59:53]  Get /index.html HTTP/1.1
INFO: - -[2016/08/31 04:59:53]  Get /index.html HTTP/1.1
INFO: - -[2016/08/31 04:59:53]  Get /index.html HTTP/1.1
INFO: - -[2016/08/31 04:59:53]  Get /index.html HTTP/1.1
INFO: - -[2016/08/31 04:59:53]  Get /index.html HTTP/1.1
INFO: - -[2016/08/31 04:59:53]  Get /index.html HTTP/1.1
INFO: - -[2016/08/31 04:59:53]  Get /index.html HTTP/1.1
INFO: - -[2016/08/31 04:59:53]  Get /index.html HTTP/1.1
INFO: - -[2016/08/31 04:59:53]  Get /index.html HTTP/1.1
INFO: - -[2016/08/31 04:59:53]  Get /index.html HTTP/1.1
INFO: - -[2016/08/31 04:59:53]  Get /index.html HTTP/1.1
INFO: - -[2016/08/31 04:59:53]  Get /index.html HTTP/1.1
INFO: - -[2016/08/31 04:59:53]  Get /index.html HTTP/1.1
INFO: - -[2016/08/31 04:59:53]  Get /index.html HTTP/1.1
INFO: - -[2016/08/31 04:59:53]  Get /index.html HTTP/1.1
INFO: - -[2016/08/31 04:59:53]  Get /index.html HTTP/1.1
INFO: - -[2016/08/31 04:59:53]  Get /index.html HTTP/1.1
INFO: - -[2016/08/31 04:59:53]  Get /index.html HTTP/1.1
INFO: - -[2016/08/31 04:59:53]  Get /index.html HTTP/1.1
INFO: - -[2016/08/31 04:59:53]  Get /index.html HTTP/1.1
INFO: - -[2016/08/31 04:59:53]  Get /index.html HTTP/1.1
INFO: - -[2016/08/31 04:59:53]  Get /index.html HTTP/1.1
INFO: - -[2016/08/31 04:59:53]  Get /index.html HTTP/1.1
INFO: - -[2016/08/31 04:59:53]  Get /index.html HTTP/1.1
INFO: - -[2016/08/31 04:59:53]  Get /index.html HTTP/1.1
INFO: - -[2016/08/31 05:01:39]  Get /index.html HTTP/1.1
INFO: - -[2016/08/31 05:01:40]  Get /css/mycss.css HTTP/1.1
INFO: - -[2016/08/31 05:01:40]  Get /image/1.jpg HTTP/1.1
